Remove Pin=J1-2 From Net=TB0
Remove Pin=J1-3 From Net=TB1
Remove Pin=J1-4 From Net=TB2
Remove Pin=J1-5 From Net=TB3
Remove Pin=J1-6 From Net=TB4
Remove Pin=J1-7 From Net=TB5
Remove Pin=J1-8 From Net=TB6
Remove Pin=J1-9 From Net=TB7
Remove Pin=J1-17 From Net=Rp7
Remove Pin=J1-18 From Net=Rp6
Remove Pin=J1-19 From Net=Rp5
Remove Pin=J1-20 From Net=Rp4
Remove Pin=J1-21 From Net=Rp3
Remove Pin=J1-22 From Net=Rp2
Remove Pin=J1-23 From Net=Rp1
Remove Pin=J1-24 From Net=Rp0
Remove Pin=J2-2 From Net=D-
Remove Pin=J2-3 From Net=D+
Remove Pin=P1-1 From Net=MCU_nRESET
Remove Pin=P1-2 From Net=MCU_SWDIO
Remove Pin=P1-4 From Net=MCU_SWDCK
Remove Pin=P3-2 From Net=USART1_TX
Remove Pin=P3-3 From Net=USART1_RX
Remove Pin=P4-2 From Net=USART3_RX
Remove Pin=P4-3 From Net=USART3_TX
Remove Pin=P5-1 From Net=TIM1_CH2
Remove Pin=R3-2 From Net=MCU_BOOT0
Remove Pin=R4-1 From Net=StatusLED_1
Remove Pin=R5-1 From Net=StatusLED_2
Remove Pin=R6-1 From Net=USB_DM
Remove Pin=R6-2 From Net=D-
Remove Pin=R7-1 From Net=USB_DP
Remove Pin=R9-1 From Net=TIM1_CH1
Remove Pin=U1A-7 From Net=MCU_nRESET
Remove Pin=U1A-21 From Net=USART3_TX
Remove Pin=U1A-22 From Net=USART3_RX
Remove Pin=U1A-29 From Net=TIM1_CH1
Remove Pin=U1A-30 From Net=TIM1_CH2
Remove Pin=U1A-32 From Net=USB_DM
Remove Pin=U1A-33 From Net=USB_DP
Remove Pin=U1A-34 From Net=MCU_SWDIO
Remove Pin=U1A-37 From Net=MCU_SWDCK
Remove Pin=U1A-42 From Net=USART1_TX
Remove Pin=U1A-43 From Net=USART1_RX
Remove Pin=U1A-44 From Net=MCU_BOOT0
Remove Pin=U1A-45 From Net=StatusLED_1
Remove Pin=U1A-46 From Net=StatusLED_2
Remove Pin=U4B-3 From Net=TB3
Remove Pin=U4B-5 From Net=TB2
Remove Pin=U4B-7 From Net=TB1
Remove Pin=U4B-9 From Net=TB0
Remove Pin=U4A-12 From Net=TB7
Remove Pin=U4A-14 From Net=TB6
Remove Pin=U4A-16 From Net=TB5
Remove Pin=U4A-18 From Net=TB4
