Change Component Designator: Old Designator=C13 New Designator=C?
Change Component Designator: Old Designator=C14 New Designator=C?
Change Component Designator: Old Designator=C15 New Designator=C?
Change Component Designator: Old Designator=C16 New Designator=C?
Change Component Designator: Old Designator=C17 New Designator=C?
Change Component Designator: Old Designator=C18 New Designator=C?
Change Component Designator: Old Designator=C19 New Designator=C?
Change Component Designator: Old Designator=C20 New Designator=C?
Change Component Designator: Old Designator=C21 New Designator=C?
Change Component Designator: Old Designator=C22 New Designator=C?
Change Component Designator: Old Designator=C23 New Designator=C?
Change Component Designator: Old Designator=C24 New Designator=C?
Change Component Designator: Old Designator=P6 New Designator=P?
Change Component Designator: Old Designator=Q1 New Designator=Q?
Change Component Designator: Old Designator=Q2 New Designator=Q?
Change Component Designator: Old Designator=Q3 New Designator=Q?
Change Component Designator: Old Designator=Q4 New Designator=Q?
Change Component Designator: Old Designator=Q5 New Designator=Q?
Change Component Designator: Old Designator=Q6 New Designator=Q?
Change Component Designator: Old Designator=Q7 New Designator=Q?
Change Component Designator: Old Designator=Q8 New Designator=Q?
Change Component Designator: Old Designator=R10 New Designator=R?
Change Component Designator: Old Designator=R11 New Designator=R?
Change Component Designator: Old Designator=R13 New Designator=R?
Change Component Designator: Old Designator=R14 New Designator=R?
Change Component Designator: Old Designator=R15 New Designator=R?
Change Component Designator: Old Designator=R16 New Designator=R?
Change Component Designator: Old Designator=R17 New Designator=R?
Change Component Designator: Old Designator=R18 New Designator=R?
Change Component Designator: Old Designator=R20 New Designator=R?
Change Component Designator: Old Designator=R21 New Designator=R?
Change Component Designator: Old Designator=R22 New Designator=R?
Change Component Designator: Old Designator=R23 New Designator=R?
Change Component Designator: Old Designator=R24 New Designator=R?
Change Component Designator: Old Designator=R25 New Designator=R?
Change Component Designator: Old Designator=R26 New Designator=R?
Change Component Designator: Old Designator=R27 New Designator=R?
Change Component Designator: Old Designator=U3 New Designator=U?
Change Component Designator: Old Designator=U3 New Designator=U?
Change Component Designator: Old Designator=U5 New Designator=U?
Change Component Designator: Old Designator=U5 New Designator=U?
Change Component Designator: Old Designator=U6 New Designator=U?
Change Component Designator: Old Designator=U6 New Designator=U?
Change Component Designator: Old Designator=U7 New Designator=U?
Change Component Designator: Old Designator=U7 New Designator=U?
