Removed Pin From Net: NetName=GND Pin=C4-1
Removed Pin From Net: NetName=+5 Pin=C5-2
Removed Pin From Net: NetName=+5 Pin=C6-2
Removed Pin From Net: NetName=GND Pin=C8-1
Removed Pin From Net: NetName=GND Pin=C9-1
Removed Pin From Net: NetName=GND Pin=C10-1
Removed Pin From Net: NetName=+5 Pin=C10-2
Removed Pin From Net: NetName=GND Pin=C11-1
Removed Pin From Net: NetName=+5 Pin=C11-2
Removed Pin From Net: NetName=NetP1_8 Pin=R4-1
Removed Pin From Net: NetName=NetP1_9 Pin=R7-1
Removed Pin From Net: NetName=+5 Pin=R10-CCW
Removed Pin From Net: NetName=GND Pin=R10-CW
Removed Pin From Net: NetName=NetP1_4 Pin=R13-1
Removed Pin From Net: NetName=NetP1_6 Pin=R14-1
Removed Pin From Net: NetName=NetP1_5 Pin=R17-1
Removed Pin From Net: NetName=NetP1_7 Pin=R18-1
Removed Pin From Net: NetName=+5 Pin=R19-CCW
Removed Pin From Net: NetName=GND Pin=R19-CW
Removed Pin From Net: NetName=+5 Pin=R20-CCW
Removed Pin From Net: NetName=GND Pin=R20-CW
Removed Pin From Net: NetName=NetP1_8 Pin=U2-1
Removed Pin From Net: NetName=NetP1_9 Pin=U2-7
Removed Pin From Net: NetName=NetP1_4 Pin=U3-1
Removed Pin From Net: NetName=NetP1_5 Pin=U3-7
Removed Pin From Net: NetName=NetP1_6 Pin=U4-1
Removed Pin From Net: NetName=NetP1_7 Pin=U4-7
Removed Member From Class: ClassName=Detector Member=C4
Removed Member From Class: ClassName=Detector Member=C5
Removed Member From Class: ClassName=Detector Member=C6
Removed Member From Class: ClassName=Detector Member=C8
Removed Member From Class: ClassName=Detector Member=C9
Removed Member From Class: ClassName=Detector Member=C10
Removed Member From Class: ClassName=Detector Member=C11
Removed Member From Class: ClassName=Detector Member=R10
Removed Member From Class: ClassName=Detector Member=R19
Removed Member From Class: ClassName=Detector Member=R20
Added Pin To Net: NetName=NetP1_4 Pin=R4-1
Added Pin To Net: NetName=NetP1_5 Pin=R7-1
Added Pin To Net: NetName=NetP1_6 Pin=R13-1
Added Pin To Net: NetName=NetP1_8 Pin=R14-1
Added Pin To Net: NetName=NetP1_7 Pin=R17-1
Added Pin To Net: NetName=NetP1_9 Pin=R18-1
Added Pin To Net: NetName=NetC3_2 Pin=U1-3
Added Pin To Net: NetName=NetC3_2 Pin=U1-5
Added Pin To Net: NetName=NetP1_4 Pin=U2-1
Added Pin To Net: NetName=NetP1_5 Pin=U2-7
Added Pin To Net: NetName=NetP1_6 Pin=U3-1
Added Pin To Net: NetName=NetC3_2 Pin=U3-3
Added Pin To Net: NetName=NetC3_2 Pin=U3-5
Added Pin To Net: NetName=NetP1_7 Pin=U3-7
Added Pin To Net: NetName=NetP1_8 Pin=U4-1
Added Pin To Net: NetName=NetC3_2 Pin=U4-3
Added Pin To Net: NetName=NetC3_2 Pin=U4-5
Added Pin To Net: NetName=NetP1_9 Pin=U4-7
