Removed Pin From Net: NetName=NetQ2_3 Pin=Q2-3
Removed Pin From Net: NetName=+5 Pin=R12-1
Removed Pin From Net: NetName=GND Pin=R12-3
Removed Pin From Net: NetName=NetQ2_3 Pin=R14-1
Removed Member From Class: ClassName=Detector Member=R21
Change Component Designator: OldDesignator=C1 NewDesignator=C13
Change Component Designator: OldDesignator=C2 NewDesignator=C14
Change Component Designator: OldDesignator=C3 NewDesignator=C15
Change Component Designator: OldDesignator=C4 NewDesignator=C16
Change Component Designator: OldDesignator=C5 NewDesignator=C21
Change Component Designator: OldDesignator=C6 NewDesignator=C17
Change Component Designator: OldDesignator=C7 NewDesignator=C18
Change Component Designator: OldDesignator=C8 NewDesignator=C19
Change Component Designator: OldDesignator=C9 NewDesignator=C20
Change Component Designator: OldDesignator=C10 NewDesignator=C22
Change Component Designator: OldDesignator=C11 NewDesignator=C24
Change Component Designator: OldDesignator=C12 NewDesignator=C23
Change Component Designator: OldDesignator=C13 NewDesignator=C1
Change Component Designator: OldDesignator=C14 NewDesignator=C6
Change Component Designator: OldDesignator=C15 NewDesignator=C4
Change Component Designator: OldDesignator=C16 NewDesignator=C2
Change Component Designator: OldDesignator=C17 NewDesignator=C3
Change Component Designator: OldDesignator=C18 NewDesignator=C5
Change Component Designator: OldDesignator=C19 NewDesignator=C7
Change Component Designator: OldDesignator=C20 NewDesignator=C8
Change Component Designator: OldDesignator=C21 NewDesignator=C9
Change Component Designator: OldDesignator=C22 NewDesignator=C10
Change Component Designator: OldDesignator=C23 NewDesignator=C11
Change Component Designator: OldDesignator=C24 NewDesignator=C12
Change Component Designator: OldDesignator=FB1 NewDesignator=FB3
Change Component Designator: OldDesignator=FB2 NewDesignator=FB4
Change Component Designator: OldDesignator=FB3 NewDesignator=FB1
Change Component Designator: OldDesignator=FB4 NewDesignator=FB2
Change Component Designator: OldDesignator=P2 NewDesignator=P3
Change Component Designator: OldDesignator=P3 NewDesignator=P5
Change Component Designator: OldDesignator=P5 NewDesignator=P2
Change Component Designator: OldDesignator=P6 NewDesignator=P1
Change Component Designator: OldDesignator=Q1 NewDesignator=Q4
Change Component Designator: OldDesignator=Q2 NewDesignator=Q1
Change Component Designator: OldDesignator=Q3 NewDesignator=Q2
Change Component Designator: OldDesignator=Q4 NewDesignator=Q3
Change Component Designator: OldDesignator=R1 NewDesignator=R21
Change Component Designator: OldDesignator=R2 NewDesignator=R24
Change Component Designator: OldDesignator=R3 NewDesignator=R27
Change Component Designator: OldDesignator=R4 NewDesignator=R28
Change Component Designator: OldDesignator=R5 NewDesignator=R29
Change Component Designator: OldDesignator=R6 NewDesignator=R23
Change Component Designator: OldDesignator=R7 NewDesignator=R25
Change Component Designator: OldDesignator=R8 NewDesignator=R26
Change Component Designator: OldDesignator=R9 NewDesignator=R22
Change Component Designator: OldDesignator=R10 NewDesignator=R6
Change Component Designator: OldDesignator=R11 NewDesignator=R2
Change Component Designator: OldDesignator=R13 NewDesignator=R8
Change Component Designator: OldDesignator=R14 NewDesignator=R1
Change Component Designator: OldDesignator=R15 NewDesignator=R3
Change Component Designator: OldDesignator=R16 NewDesignator=R4
Change Component Designator: OldDesignator=R17 NewDesignator=R5
Change Component Designator: OldDesignator=R18 NewDesignator=R7
Change Component Designator: OldDesignator=R20 NewDesignator=R11
Change Component Designator: OldDesignator=R21 NewDesignator=R12
Change Component Designator: OldDesignator=R22 NewDesignator=R13
Change Component Designator: OldDesignator=R23 NewDesignator=R14
Change Component Designator: OldDesignator=R24 NewDesignator=R15
Change Component Designator: OldDesignator=R25 NewDesignator=R16
Change Component Designator: OldDesignator=R26 NewDesignator=R17
Change Component Designator: OldDesignator=R27 NewDesignator=R18
Change Component Designator: OldDesignator=U1 NewDesignator=U5
Change Component Designator: OldDesignator=U2 NewDesignator=U7
Change Component Designator: OldDesignator=U3 NewDesignator=U2
Change Component Designator: OldDesignator=U4 NewDesignator=U6
Change Component Designator: OldDesignator=U5 NewDesignator=U1
Change Component Designator: OldDesignator=U6 NewDesignator=U3
Change Component Designator: OldDesignator=U7 NewDesignator=U4
Added Component: Designator=R9(POT4MM-2)
Add component (AddParameter): Name = "ComponentLink1Description"; Value = "Manufacturer Link"; VariantName = "[No Variations]"
Add component (AddParameter): Name = "ComponentLink1URL"; Value = "http://bourns.com/2/search.html"; VariantName = "[No Variations]"
Add component (AddParameter): Name = "DatasheetVersion"; Value = "Oct-2003"; VariantName = "[No Variations]"
Add component (AddParameter): Name = "PackageDescription"; Value = "Square Trimming Potentiometer"; VariantName = "[No Variations]"
Add component (AddParameter): Name = "PackageReference"; Value = "POT4MM-2"; VariantName = "[No Variations]"
Add component (AddParameter): Name = "Published"; Value = "17-Dec-2003"; VariantName = "[No Variations]"
Add component (AddParameter): Name = "Publisher"; Value = "Altium Limited"; VariantName = "[No Variations]"
Added Component: Designator=R10(POT4MM-2)
Add component (AddParameter): Name = "ComponentLink1Description"; Value = "Manufacturer Link"; VariantName = "[No Variations]"
Add component (AddParameter): Name = "ComponentLink1URL"; Value = "http://bourns.com/2/search.html"; VariantName = "[No Variations]"
Add component (AddParameter): Name = "DatasheetVersion"; Value = "Oct-2003"; VariantName = "[No Variations]"
Add component (AddParameter): Name = "PackageDescription"; Value = "Square Trimming Potentiometer"; VariantName = "[No Variations]"
Add component (AddParameter): Name = "PackageReference"; Value = "POT4MM-2"; VariantName = "[No Variations]"
Add component (AddParameter): Name = "Published"; Value = "17-Dec-2003"; VariantName = "[No Variations]"
Add component (AddParameter): Name = "Publisher"; Value = "Altium Limited"; VariantName = "[No Variations]"
Added Component: Designator=R19(POT4MM-2)
Add component (AddParameter): Name = "ComponentLink1Description"; Value = "Manufacturer Link"; VariantName = "[No Variations]"
Add component (AddParameter): Name = "ComponentLink1URL"; Value = "http://bourns.com/2/search.html"; VariantName = "[No Variations]"
Add component (AddParameter): Name = "DatasheetVersion"; Value = "Oct-2003"; VariantName = "[No Variations]"
Add component (AddParameter): Name = "PackageDescription"; Value = "Square Trimming Potentiometer"; VariantName = "[No Variations]"
Add component (AddParameter): Name = "PackageReference"; Value = "POT4MM-2"; VariantName = "[No Variations]"
Add component (AddParameter): Name = "Published"; Value = "17-Dec-2003"; VariantName = "[No Variations]"
Add component (AddParameter): Name = "Publisher"; Value = "Altium Limited"; VariantName = "[No Variations]"
Added Component: Designator=R20(POT4MM-2)
Add component (AddParameter): Name = "ComponentLink1Description"; Value = "Manufacturer Link"; VariantName = "[No Variations]"
Add component (AddParameter): Name = "ComponentLink1URL"; Value = "http://bourns.com/2/search.html"; VariantName = "[No Variations]"
Add component (AddParameter): Name = "DatasheetVersion"; Value = "Oct-2003"; VariantName = "[No Variations]"
Add component (AddParameter): Name = "PackageDescription"; Value = "Square Trimming Potentiometer"; VariantName = "[No Variations]"
Add component (AddParameter): Name = "PackageReference"; Value = "POT4MM-2"; VariantName = "[No Variations]"
Add component (AddParameter): Name = "Published"; Value = "17-Dec-2003"; VariantName = "[No Variations]"
Add component (AddParameter): Name = "Publisher"; Value = "Altium Limited"; VariantName = "[No Variations]"
Added Pin To Net: NetName=NetQ2_3 Pin=Q2-3
Added Pin To Net: NetName=NetQ2_3 Pin=R3-1
Added Pin To Net: NetName=+5 Pin=R9-CCW
Added Pin To Net: NetName=GND Pin=R9-CW
Added Pin To Net: NetName=+5 Pin=R10-CCW
Added Pin To Net: NetName=GND Pin=R10-CW
Added Pin To Net: NetName=+5 Pin=R19-CCW
Added Pin To Net: NetName=GND Pin=R19-CW
Added Pin To Net: NetName=NetC20_2 Pin=R19-W
Added Pin To Net: NetName=+5 Pin=R20-CCW
Added Pin To Net: NetName=GND Pin=R20-CW
Added Pin To Net: NetName=NetC21_2 Pin=R20-W
Change Net Name : Old Net Name=NetC1_1 New Net Name=NetC13_1
Change Net Name : Old Net Name=NetC2_1 New Net Name=NetC14_1
Change Net Name : Old Net Name=NetC10_2 New Net Name=NetC22_2
Change Net Name : Old Net Name=NetC12_1 New Net Name=NetC23_1
Change Net Name : Old Net Name=NetC12_2 New Net Name=NetC23_2
Change Net Name : Old Net Name=NetC20_2 New Net Name=NetC8_2
Change Net Name : Old Net Name=NetC21_2 New Net Name=NetC9_2
Change Net Name : Old Net Name=NetFB3_2 New Net Name=NetFB1_2
Change Net Name : Old Net Name=NetFB4_2 New Net Name=NetFB2_2
Change Net Name : Old Net Name=NetP2_2 New Net Name=NetP3_2
Change Net Name : Old Net Name=NetP6_3 New Net Name=NetP1_3
Change Net Name : Old Net Name=NetP6_4 New Net Name=NetP1_4
Change Net Name : Old Net Name=NetP6_5 New Net Name=NetP1_5
Change Net Name : Old Net Name=NetP6_6 New Net Name=NetP1_6
Change Net Name : Old Net Name=NetP6_7 New Net Name=NetP1_7
Change Net Name : Old Net Name=NetP6_9 New Net Name=NetP1_9
Change Net Name : Old Net Name=NetQ1_3 New Net Name=NetQ4_3
Change Net Name : Old Net Name=NetQ4_3 New Net Name=NetQ3_3
Added Pin To Net: NetName=NetC3_2 Pin=C3-2
Added Pin To Net: NetName=NetC3_2 Pin=R9-W
Added Pin To Net: NetName=NetC3_2 Pin=U1-5
Added Pin To Net: NetName=NetC3_2 Pin=U2-3
Added Net: Name=NetC3_2
Added Pin To Net: NetName=NetC4_2 Pin=C4-2
Added Pin To Net: NetName=NetC4_2 Pin=R10-W
Added Pin To Net: NetName=NetC4_2 Pin=U1-3
Added Pin To Net: NetName=NetC4_2 Pin=U2-5
Added Net: Name=NetC4_2
Added Pin To Net: NetName=NetP1_2 Pin=P1-2
Added Pin To Net: NetName=NetP1_2 Pin=R2-1
Added Pin To Net: NetName=NetP1_2 Pin=U1-1
Added Net: Name=NetP1_2
Added Pin To Net: NetName=NetP1_8 Pin=P1-8
Added Pin To Net: NetName=NetP1_8 Pin=R4-1
Added Pin To Net: NetName=NetP1_8 Pin=U2-1
Added Net: Name=NetP1_8
Added Pin To Net: NetName=NetQ1_3 Pin=Q1-3
Added Pin To Net: NetName=NetQ1_3 Pin=R1-1
Added Pin To Net: NetName=NetQ1_3 Pin=U1-2
Added Net: Name=NetQ1_3
Added Member To Class: ClassName=Detector Member=Component R9 RPot SM
Added Member To Class: ClassName=Detector Member=Component R10 RPot SM
Added Member To Class: ClassName=Detector Member=Component R19 RPot SM
Added Member To Class: ClassName=Detector Member=Component R20 RPot SM
Added Room: Name=Detector
Added Room: Name=USB-NSTr_v3
