Removed Pin From Net: NetName=GND Pin=C5-1
Removed Pin From Net: NetName=GND Pin=C6-1
Removed Pin From Net: NetName=NetQ2_3 Pin=R3-1
Removed Pin From Net: NetName=NetQ3_3 Pin=R5-1
Removed Pin From Net: NetName=NetQ4_3 Pin=R6-1
Removed Pin From Net: NetName=NetQ6_3 Pin=R12-1
Removed Pin From Net: NetName=NetQ7_3 Pin=R15-1
Removed Pin From Net: NetName=NetC3_2 Pin=U1-5
Removed Pin From Net: NetName=NetQ3_3 Pin=U1-6
Removed Pin From Net: NetName=NetP1_9 Pin=U1-7
Removed Pin From Net: NetName=NetQ2_3 Pin=U2-2
Removed Pin From Net: NetName=NetC4_2 Pin=U2-5
Removed Pin From Net: NetName=NetP1_3 Pin=U2-7
Removed Pin From Net: NetName=NetQ7_3 Pin=U3-6
Removed Pin From Net: NetName=NetQ6_3 Pin=U4-2
Removed Member From Class: ClassName=USB-NSTr_v3 Member=C1
Removed Member From Class: ClassName=USB-NSTr_v3 Member=C2
Removed Member From Class: ClassName=USB-NSTr_v3 Member=C5
Removed Member From Class: ClassName=USB-NSTr_v3 Member=C6
Removed Member From Class: ClassName=USB-NSTr_v3 Member=C8
Removed Member From Class: ClassName=USB-NSTr_v3 Member=C9
Removed Member From Class: ClassName=USB-NSTr_v3 Member=C10
Removed Member From Class: ClassName=USB-NSTr_v3 Member=C11
Removed Member From Class: ClassName=USB-NSTr_v3 Member=R8
Removed Member From Class: ClassName=USB-NSTr_v3 Member=R15
Removed Member From Class: ClassName=USB-NSTr_v3 Member=R16
Removed Member From Class: ClassName=USB-NSTr_v3 Member=R17
Removed Member From Class: ClassName=USB-NSTr_v3 Member=R18
Removed Member From Class: ClassName=USB-NSTr_v3 Member=U1
Removed Member From Class: ClassName=USB-NSTr_v3 Member=U2
Added Pin To Net: NetName=NetQ3_3 Pin=R3-1
Added Pin To Net: NetName=NetQ4_3 Pin=R5-1
Added Pin To Net: NetName=NetQ2_3 Pin=R6-1
Added Pin To Net: NetName=NetQ7_3 Pin=R12-1
Added Pin To Net: NetName=NetQ6_3 Pin=R15-1
Added Pin To Net: NetName=NetC4_2 Pin=U1-5
Added Pin To Net: NetName=NetQ2_3 Pin=U1-6
Added Pin To Net: NetName=NetP1_3 Pin=U1-7
Added Pin To Net: NetName=NetQ3_3 Pin=U2-2
Added Pin To Net: NetName=NetC3_2 Pin=U2-5
Added Pin To Net: NetName=NetP1_9 Pin=U2-7
Added Pin To Net: NetName=NetQ6_3 Pin=U3-6
Added Pin To Net: NetName=NetQ7_3 Pin=U4-2
Added Member To Class: ClassName=Detector Member=Component C4 CAP 100nF 6.3V
Added Member To Class: ClassName=USB-NSTr_v3 Member=Component C13 CAP 22pF
Added Member To Class: ClassName=USB-NSTr_v3 Member=Component C14 CAP 22pF
Added Member To Class: ClassName=USB-NSTr_v3 Member=Component C15 TAJA106K016RNJ
Added Member To Class: ClassName=USB-NSTr_v3 Member=Component C16 CAP 1uF 25V
Added Member To Class: ClassName=USB-NSTr_v3 Member=Component C18 CAP 100nF 6.3V
Added Member To Class: ClassName=USB-NSTr_v3 Member=Component C20 CAP 100nF 6.3V
Added Member To Class: ClassName=USB-NSTr_v3 Member=Component C21 CAP 2.2uF 16V
Added Member To Class: ClassName=USB-NSTr_v3 Member=Component C22 CAP 10nF 16V
Added Member To Class: ClassName=USB-NSTr_v3 Member=Component C23 CAP 100nF 6.3V
Added Member To Class: ClassName=USB-NSTr_v3 Member=Component FB3 BLM18PG600SN1J
Added Member To Class: ClassName=USB-NSTr_v3 Member=Component FB4 BLM18PG600SN1J
Added Member To Class: ClassName=USB-NSTr_v3 Member=Component P3 Header 3
Added Member To Class: ClassName=USB-NSTr_v3 Member=Component P5 MHDR1X3
Added Member To Class: ClassName=Detector Member=Component Q3 TEMT6000X01
Added Member To Class: ClassName=Detector Member=Component Q4 TEMT6000X01
Added Member To Class: ClassName=Detector Member=Component R1 10K 1% 0603(1608)
Added Member To Class: ClassName=Detector Member=Component R9 RPot SM
Added Member To Class: ClassName=Detector Member=Component R10 RPot SM
Added Member To Class: ClassName=Detector Member=Component R12 10K 1% 0603(1608)
Added Member To Class: ClassName=Detector Member=Component R13 1K 1% 0603(1608)
Added Member To Class: ClassName=Detector Member=Component R20 RPot SM
Added Member To Class: ClassName=USB-NSTr_v3 Member=Component R21 1M 1%
Added Member To Class: ClassName=USB-NSTr_v3 Member=Component R22 100R 1%
Added Member To Class: ClassName=USB-NSTr_v3 Member=Component R24 10K 1% 0603(1608)
Added Member To Class: ClassName=USB-NSTr_v3 Member=Component R25 27R 1%
Added Member To Class: ClassName=USB-NSTr_v3 Member=Component R26 1K5 1%
Added Member To Class: ClassName=USB-NSTr_v3 Member=Component R27 10K 1%
Added Member To Class: ClassName=Detector Member=Component U3 LM393M
Added Member To Class: ClassName=USB-NSTr_v3 Member=Component U5 STM32F103C8T6
Added Member To Class: ClassName=USB-NSTr_v3 Member=Component U6 SN74HCT244DBR
Added Room: Name=Detector
Added Room: Name=USB-NSTr_v3
