Removed Pin From Net: NetName=GND Pin=C2-1
Removed Pin From Net: NetName=+5 Pin=C2-2
Removed Pin From Net: NetName=GND Pin=C7-1
Removed Pin From Net: NetName=+5 Pin=C7-2
Removed Pin From Net: NetName=GND Pin=C12-1
Removed Pin From Net: NetName=+5 Pin=C12-2
Removed Member From Class: ClassName=Detector Member=C2
Removed Member From Class: ClassName=Detector Member=C7
Removed Member From Class: ClassName=Detector Member=C12
Added Component: Designator=C13(CAPC0603(1608)100_N)
Add component (AddParameter): Name = "Case-EIA"; Value = "0603"; VariantName = "[No Variations]"
Add component (AddParameter): Name = "Case-Metric"; Value = "1608"; VariantName = "[No Variations]"
Add component (AddParameter): Name = "Max Thickness"; Value = "1 mm"; VariantName = "[No Variations]"
Add component (AddParameter): Name = "Rated Voltage"; Value = "16 V"; VariantName = "[No Variations]"
Add component (AddParameter): Name = "Technology"; Value = "SMT"; VariantName = "[No Variations]"
Add component (AddParameter): Name = "Tolerance"; Value = "?¡À10%"; VariantName = "[No Variations]"
Add component (AddParameter): Name = "Value"; Value = "22pF"; VariantName = "[No Variations]"
Added Component: Designator=C14(CAPC0603(1608)100_N)
Add component (AddParameter): Name = "Case-EIA"; Value = "0603"; VariantName = "[No Variations]"
Add component (AddParameter): Name = "Case-Metric"; Value = "1608"; VariantName = "[No Variations]"
Add component (AddParameter): Name = "Max Thickness"; Value = "1 mm"; VariantName = "[No Variations]"
Add component (AddParameter): Name = "Rated Voltage"; Value = "16 V"; VariantName = "[No Variations]"
Add component (AddParameter): Name = "Technology"; Value = "SMT"; VariantName = "[No Variations]"
Add component (AddParameter): Name = "Tolerance"; Value = "?¡À10%"; VariantName = "[No Variations]"
Add component (AddParameter): Name = "Value"; Value = "22pF"; VariantName = "[No Variations]"
Added Component: Designator=C15(CAPMP3217X18-T_V)
Add component (AddParameter): Name = "Case\Package"; Value = "SOT-26"; VariantName = "[No Variations]"
Add component (AddParameter): Name = "ComponentLink1Description"; Value = "Manufacturer URL"; VariantName = "[No Variations]"
Add component (AddParameter): Name = "ComponentLink1URL"; Value = "http://www.avx.com/"; VariantName = "[No Variations]"
Add component (AddParameter): Name = "ComponentLink2Description"; Value = "Datasheet"; VariantName = "[No Variations]"
Add component (AddParameter): Name = "ComponentLink2URL"; Value = "http://datasheets.avx.com/TAJ.pdf"; VariantName = "[No Variations]"
Add component (AddParameter): Name = "ComponentLink3Description"; Value = "Package Specification"; VariantName = "[No Variations]"
Add component (AddParameter): Name = "ComponentLink3URL"; Value = "http://www.avx.com/download/software/literature/AVX-Footprint-Library.pdf"; VariantName = "[No Variations]"
Add component (AddParameter): Name = "DatasheetVersion"; Value = "Feb-16"; VariantName = "[No Variations]"
Add component (AddParameter): Name = "Elements"; Value = "2"; VariantName = "[No Variations]"
Add component (AddParameter): Name = "Frequency"; Value = "300 MHz"; VariantName = "[No Variations]"
Add component (AddParameter): Name = "Height"; Value = "1.3 mm"; VariantName = "[No Variations]"
Add component (AddParameter): Name = "hFE Min"; Value = "60"; VariantName = "[No Variations]"
Add component (AddParameter): Name = "Length"; Value = "3.1 mm"; VariantName = "[No Variations]"
Add component (AddParameter): Name = "Max Operating Temperature"; Value = "150 degC"; VariantName = "[No Variations]"
Add component (AddParameter): Name = "Max Power Dissipation"; Value = "300 mW"; VariantName = "[No Variations]"
Add component (AddParameter): Name = "Min Operating Temperature"; Value = "-55 degC"; VariantName = "[No Variations]"
Add component (AddParameter): Name = "Mount"; Value = "Surface Mount"; VariantName = "[No Variations]"
Add component (AddParameter): Name = "Package Quantity"; Value = "3000"; VariantName = "[No Variations]"
Add component (AddParameter): Name = "PackageDescription"; Value = "2-Pin Surface Mount Device, Body 3.2 x 1.65 mm"; VariantName = "[No Variations]"
Add component (AddParameter): Name = "PackageReference"; Value = "CAPMP3217X18-T"; VariantName = "[No Variations]"
Add component (AddParameter): Name = "Packaging"; Value = "Tape and Reel"; VariantName = "[No Variations]"
Add component (AddParameter): Name = "Pins"; Value = "6"; VariantName = "[No Variations]"
Add component (AddParameter): Name = "Radiation Hardening"; Value = "No"; VariantName = "[No Variations]"
Add component (AddParameter): Name = "REACH SVHC"; Value = "No SVHC"; VariantName = "[No Variations]"
Add component (AddParameter): Name = "RoHSCompliant"; Value = "true"; VariantName = "[No Variations]"
Add component (AddParameter): Name = "Vce Max"; Value = "500 mV"; VariantName = "[No Variations]"
Add component (AddParameter): Name = "Width"; Value = "1.7 mm"; VariantName = "[No Variations]"
Added Component: Designator=C16(CAPC0603(1608)100_N)
Add component (AddParameter): Name = "Case-EIA"; Value = "0603"; VariantName = "[No Variations]"
Add component (AddParameter): Name = "Case-Metric"; Value = "1608"; VariantName = "[No Variations]"
Add component (AddParameter): Name = "Max Thickness"; Value = "1 mm"; VariantName = "[No Variations]"
Add component (AddParameter): Name = "Rated Voltage"; Value = "25 V"; VariantName = "[No Variations]"
Add component (AddParameter): Name = "Technology"; Value = "SMT"; VariantName = "[No Variations]"
Add component (AddParameter): Name = "Tolerance"; Value = "?¡À20%"; VariantName = "[No Variations]"
Add component (AddParameter): Name = "Value"; Value = "1uF"; VariantName = "[No Variations]"
Added Component: Designator=C17(CAPC0603(1608)100_N)
Add component (AddParameter): Name = "Case-EIA"; Value = "0603"; VariantName = "[No Variations]"
Add component (AddParameter): Name = "Case-Metric"; Value = "1608"; VariantName = "[No Variations]"
Add component (AddParameter): Name = "Max Thickness"; Value = "1 mm"; VariantName = "[No Variations]"
Add component (AddParameter): Name = "Rated Voltage"; Value = "6.3 V"; VariantName = "[No Variations]"
Add component (AddParameter): Name = "Technology"; Value = "SMT"; VariantName = "[No Variations]"
Add component (AddParameter): Name = "Tolerance"; Value = "?¡À10%"; VariantName = "[No Variations]"
Add component (AddParameter): Name = "Value"; Value = "100nF"; VariantName = "[No Variations]"
Added Component: Designator=C18(CAPC0603(1608)100_N)
Add component (AddParameter): Name = "Case-EIA"; Value = "0603"; VariantName = "[No Variations]"
Add component (AddParameter): Name = "Case-Metric"; Value = "1608"; VariantName = "[No Variations]"
Add component (AddParameter): Name = "Max Thickness"; Value = "1 mm"; VariantName = "[No Variations]"
Add component (AddParameter): Name = "Rated Voltage"; Value = "6.3 V"; VariantName = "[No Variations]"
Add component (AddParameter): Name = "Technology"; Value = "SMT"; VariantName = "[No Variations]"
Add component (AddParameter): Name = "Tolerance"; Value = "?¡À10%"; VariantName = "[No Variations]"
Add component (AddParameter): Name = "Value"; Value = "100nF"; VariantName = "[No Variations]"
Added Component: Designator=C19(CAPC0603(1608)100_N)
Add component (AddParameter): Name = "Case-EIA"; Value = "0603"; VariantName = "[No Variations]"
Add component (AddParameter): Name = "Case-Metric"; Value = "1608"; VariantName = "[No Variations]"
Add component (AddParameter): Name = "Max Thickness"; Value = "1 mm"; VariantName = "[No Variations]"
Add component (AddParameter): Name = "Rated Voltage"; Value = "6.3 V"; VariantName = "[No Variations]"
Add component (AddParameter): Name = "Technology"; Value = "SMT"; VariantName = "[No Variations]"
Add component (AddParameter): Name = "Tolerance"; Value = "?¡À10%"; VariantName = "[No Variations]"
Add component (AddParameter): Name = "Value"; Value = "100nF"; VariantName = "[No Variations]"
Added Component: Designator=C20(CAPC0603(1608)100_N)
Add component (AddParameter): Name = "Case-EIA"; Value = "0603"; VariantName = "[No Variations]"
Add component (AddParameter): Name = "Case-Metric"; Value = "1608"; VariantName = "[No Variations]"
Add component (AddParameter): Name = "Max Thickness"; Value = "1 mm"; VariantName = "[No Variations]"
Add component (AddParameter): Name = "Rated Voltage"; Value = "6.3 V"; VariantName = "[No Variations]"
Add component (AddParameter): Name = "Technology"; Value = "SMT"; VariantName = "[No Variations]"
Add component (AddParameter): Name = "Tolerance"; Value = "?¡À10%"; VariantName = "[No Variations]"
Add component (AddParameter): Name = "Value"; Value = "100nF"; VariantName = "[No Variations]"
Added Component: Designator=C21(CAPC0603(1608)55_N)
Add component (AddParameter): Name = "Case-EIA"; Value = "0603"; VariantName = "[No Variations]"
Add component (AddParameter): Name = "Case-Metric"; Value = "1608"; VariantName = "[No Variations]"
Add component (AddParameter): Name = "Max Thickness"; Value = "0.55 mm"; VariantName = "[No Variations]"
Add component (AddParameter): Name = "Rated Voltage"; Value = "16 V"; VariantName = "[No Variations]"
Add component (AddParameter): Name = "Technology"; Value = "SMT"; VariantName = "[No Variations]"
Add component (AddParameter): Name = "Tolerance"; Value = "?¡À20%"; VariantName = "[No Variations]"
Add component (AddParameter): Name = "Value"; Value = "2.2uF"; VariantName = "[No Variations]"
Added Component: Designator=C22(CAPC0603(1608)100_N)
Add component (AddParameter): Name = "Case-EIA"; Value = "0603"; VariantName = "[No Variations]"
Add component (AddParameter): Name = "Case-Metric"; Value = "1608"; VariantName = "[No Variations]"
Add component (AddParameter): Name = "Max Thickness"; Value = "1 mm"; VariantName = "[No Variations]"
Add component (AddParameter): Name = "Rated Voltage"; Value = "16 V"; VariantName = "[No Variations]"
Add component (AddParameter): Name = "Technology"; Value = "SMT"; VariantName = "[No Variations]"
Add component (AddParameter): Name = "Tolerance"; Value = "?¡À5%"; VariantName = "[No Variations]"
Add component (AddParameter): Name = "Value"; Value = "10nF"; VariantName = "[No Variations]"
Added Component: Designator=C23(CAPC0603(1608)100_N)
Add component (AddParameter): Name = "Case-EIA"; Value = "0603"; VariantName = "[No Variations]"
Add component (AddParameter): Name = "Case-Metric"; Value = "1608"; VariantName = "[No Variations]"
Add component (AddParameter): Name = "Max Thickness"; Value = "1 mm"; VariantName = "[No Variations]"
Add component (AddParameter): Name = "Rated Voltage"; Value = "6.3 V"; VariantName = "[No Variations]"
Add component (AddParameter): Name = "Technology"; Value = "SMT"; VariantName = "[No Variations]"
Add component (AddParameter): Name = "Tolerance"; Value = "?¡À10%"; VariantName = "[No Variations]"
Add component (AddParameter): Name = "Value"; Value = "100nF"; VariantName = "[No Variations]"
Added Component: Designator=C24(CAPC0603(1608)100_N)
Add component (AddParameter): Name = "Case-EIA"; Value = "0603"; VariantName = "[No Variations]"
Add component (AddParameter): Name = "Case-Metric"; Value = "1608"; VariantName = "[No Variations]"
Add component (AddParameter): Name = "Max Thickness"; Value = "1 mm"; VariantName = "[No Variations]"
Add component (AddParameter): Name = "Rated Voltage"; Value = "6.3 V"; VariantName = "[No Variations]"
Add component (AddParameter): Name = "Technology"; Value = "SMT"; VariantName = "[No Variations]"
Add component (AddParameter): Name = "Tolerance"; Value = "?¡À10%"; VariantName = "[No Variations]"
Add component (AddParameter): Name = "Value"; Value = "100nF"; VariantName = "[No Variations]"
Added Component: Designator=D1(LED_Bi_Color_1204)
Add component (AddParameter): Name = "Datasheet URL"; Value = "https://datasheet.ciiva.com/2132/c17245-2132277.pdf"; VariantName = "[No Variations]"
Add component (AddParameter): Name = "Datasheet Version"; Value = "Rev. B, 10/2010"; VariantName = "[No Variations]"
Add component (AddParameter): Name = "DELETED"; Value = "Compliant"; VariantName = "[No Variations]"
Add component (AddParameter): Name = "Dominant Wave Length"; Value = "570/628nm"; VariantName = "[No Variations]"
Add component (AddParameter): Name = "Emitting Color"; Value = "YellowGreen/Red"; VariantName = "[No Variations]"
Add component (AddParameter): Name = "Forward Current"; Value = "30mA"; VariantName = "[No Variations]"
Add component (AddParameter): Name = "Forward Voltage"; Value = "2.6V"; VariantName = "[No Variations]"
Add component (AddParameter): Name = "High Brightness"; Value = "No"; VariantName = "[No Variations]"
Add component (AddParameter): Name = "Lens Dimensions"; Value = "2.8x2.8x2.7mm"; VariantName = "[No Variations]"
Add component (AddParameter): Name = "Lens Type"; Value = "NonDiffused"; VariantName = "[No Variations]"
Add component (AddParameter): Name = "Lum Intensity"; Value = "8/6.5mcd"; VariantName = "[No Variations]"
Add component (AddParameter): Name = "Luminous Intensity"; Value = "8/6.5mcd"; VariantName = "[No Variations]"
Add component (AddParameter): Name = "Main Category"; Value = "ChipLED"; VariantName = "[No Variations]"
Add component (AddParameter): Name = "Manufacturer"; Value = "Dialight"; VariantName = "[No Variations]"
Add component (AddParameter): Name = "Manufacturer URL"; Value = "http://www.dialight.com/"; VariantName = "[No Variations]"
Add component (AddParameter): Name = "Mounting"; Value = "SurfaceMount"; VariantName = "[No Variations]"
Add component (AddParameter): Name = "Mounting Technology"; Value = "SurfaceMount"; VariantName = "[No Variations]"
Add component (AddParameter): Name = "Number of  Elements"; Value = "2"; VariantName = "[No Variations]"
Add component (AddParameter): Name = "Operating Temp Range"; Value = "-55Cto100C"; VariantName = "[No Variations]"
Add component (AddParameter): Name = "Operating Temperature Classification"; Value = "Industrial"; VariantName = "[No Variations]"
Add component (AddParameter): Name = "Package Description"; Value = "4-Pin Surface Mount Device, Body 4.32 x 8.77 mm, Pitch 1.5 mm"; VariantName = "[No Variations]"
Add component (AddParameter): Name = "Package Reference"; Value = "591-3001-013F"; VariantName = "[No Variations]"
Add component (AddParameter): Name = "Package Type"; Value = "SMD"; VariantName = "[No Variations]"
Add component (AddParameter): Name = "Packaging"; Value = "TapeandReel"; VariantName = "[No Variations]"
Add component (AddParameter): Name = "Pin Count"; Value = "2"; VariantName = "[No Variations]"
Add component (AddParameter): Name = "Power Dissipation"; Value = "100W"; VariantName = "[No Variations]"
Add component (AddParameter): Name = "Product Depth (mm)"; Value = "8.8mm"; VariantName = "[No Variations]"
Add component (AddParameter): Name = "Product Height (mm)"; Value = "5mm"; VariantName = "[No Variations]"
Add component (AddParameter): Name = "Product Length (mm)"; Value = "4.3mm"; VariantName = "[No Variations]"
Add component (AddParameter): Name = "Rad Hardened"; Value = "No"; VariantName = "[No Variations]"
Add component (AddParameter): Name = "Reverse Voltage"; Value = "5V"; VariantName = "[No Variations]"
Add component (AddParameter): Name = "Shape Type"; Value = "Circular"; VariantName = "[No Variations]"
Add component (AddParameter): Name = "Test Current (It)"; Value = "20mA"; VariantName = "[No Variations]"
Add component (AddParameter): Name = "Type"; Value = "Bi-Color"; VariantName = "[No Variations]"
Add component (AddParameter): Name = "Viewing Angle"; Value = "40deg"; VariantName = "[No Variations]"
Added Component: Designator=FB1(MURA-BLM18PG_KG-CHIP-2_V2)
Add component (AddParameter): Name = "ComponentLink1Description"; Value = "Manufacturer URL"; VariantName = "[No Variations]"
Add component (AddParameter): Name = "ComponentLink1URL"; Value = "http://www.murata.com/"; VariantName = "[No Variations]"
Add component (AddParameter): Name = "ComponentLink2Description"; Value = "Datasheet"; VariantName = "[No Variations]"
Add component (AddParameter): Name = "ComponentLink2URL"; Value = "http://www.murata.com/products/catalog/pdf/c31e.pdf"; VariantName = "[No Variations]"
Add component (AddParameter): Name = "ComponentLink3Description"; Value = "Package Specification"; VariantName = "[No Variations]"
Add component (AddParameter): Name = "ComponentLink3URL"; Value = "http://www.murata.com/products/catalog/pdf/c31e.pdf"; VariantName = "[No Variations]"
Add component (AddParameter): Name = "DatasheetVersion"; Value = "08/2013"; VariantName = "[No Variations]"
Add component (AddParameter): Name = "DC Resistance"; Value = "0.10 Ohm Max."; VariantName = "[No Variations]"
Add component (AddParameter): Name = "Impedance (at 100 MHz)"; Value = "60 Ohm Typ."; VariantName = "[No Variations]"
Add component (AddParameter): Name = "Manufacturer"; Value = "Murata"; VariantName = "[No Variations]"
Add component (AddParameter): Name = "Mounting Technology"; Value = "Surface Mount"; VariantName = "[No Variations]"
Add component (AddParameter): Name = "Operating Temperature Range"; Value = "-55 to 125 degC"; VariantName = "[No Variations]"
Add component (AddParameter): Name = "PackageDescription"; Value = "2-Pin Chip, Body 1.6 x 0.8 mm"; VariantName = "[No Variations]"
Add component (AddParameter): Name = "PackageReference"; Value = "BLM18_H950-2"; VariantName = "[No Variations]"
Add component (AddParameter): Name = "Packing"; Value = "Tape and Reel"; VariantName = "[No Variations]"
Add component (AddParameter): Name = "PartNumber"; Value = "BLM18PG600SN1J"; VariantName = "[No Variations]"
Add component (AddParameter): Name = "Rated Current"; Value = "500 mA"; VariantName = "[No Variations]"
Added Component: Designator=FB2(MURA-BLM18PG_KG-CHIP-2_V2)
Add component (AddParameter): Name = "ComponentLink1Description"; Value = "Manufacturer URL"; VariantName = "[No Variations]"
Add component (AddParameter): Name = "ComponentLink1URL"; Value = "http://www.murata.com/"; VariantName = "[No Variations]"
Add component (AddParameter): Name = "ComponentLink2Description"; Value = "Datasheet"; VariantName = "[No Variations]"
Add component (AddParameter): Name = "ComponentLink2URL"; Value = "http://www.murata.com/products/catalog/pdf/c31e.pdf"; VariantName = "[No Variations]"
Add component (AddParameter): Name = "ComponentLink3Description"; Value = "Package Specification"; VariantName = "[No Variations]"
Add component (AddParameter): Name = "ComponentLink3URL"; Value = "http://www.murata.com/products/catalog/pdf/c31e.pdf"; VariantName = "[No Variations]"
Add component (AddParameter): Name = "DatasheetVersion"; Value = "08/2013"; VariantName = "[No Variations]"
Add component (AddParameter): Name = "DC Resistance"; Value = "0.10 Ohm Max."; VariantName = "[No Variations]"
Add component (AddParameter): Name = "Impedance (at 100 MHz)"; Value = "60 Ohm Typ."; VariantName = "[No Variations]"
Add component (AddParameter): Name = "Manufacturer"; Value = "Murata"; VariantName = "[No Variations]"
Add component (AddParameter): Name = "Mounting Technology"; Value = "Surface Mount"; VariantName = "[No Variations]"
Add component (AddParameter): Name = "Operating Temperature Range"; Value = "-55 to 125 degC"; VariantName = "[No Variations]"
Add component (AddParameter): Name = "PackageDescription"; Value = "2-Pin Chip, Body 1.6 x 0.8 mm"; VariantName = "[No Variations]"
Add component (AddParameter): Name = "PackageReference"; Value = "BLM18_H950-2"; VariantName = "[No Variations]"
Add component (AddParameter): Name = "Packing"; Value = "Tape and Reel"; VariantName = "[No Variations]"
Add component (AddParameter): Name = "PartNumber"; Value = "BLM18PG600SN1J"; VariantName = "[No Variations]"
Add component (AddParameter): Name = "Rated Current"; Value = "500 mA"; VariantName = "[No Variations]"
Added Component: Designator=FB3(MURA-BLM18PG_KG-CHIP-2_V2)
Add component (AddParameter): Name = "ComponentLink1Description"; Value = "Manufacturer URL"; VariantName = "[No Variations]"
Add component (AddParameter): Name = "ComponentLink1URL"; Value = "http://www.murata.com/"; VariantName = "[No Variations]"
Add component (AddParameter): Name = "ComponentLink2Description"; Value = "Datasheet"; VariantName = "[No Variations]"
Add component (AddParameter): Name = "ComponentLink2URL"; Value = "http://www.murata.com/products/catalog/pdf/c31e.pdf"; VariantName = "[No Variations]"
Add component (AddParameter): Name = "ComponentLink3Description"; Value = "Package Specification"; VariantName = "[No Variations]"
Add component (AddParameter): Name = "ComponentLink3URL"; Value = "http://www.murata.com/products/catalog/pdf/c31e.pdf"; VariantName = "[No Variations]"
Add component (AddParameter): Name = "DatasheetVersion"; Value = "08/2013"; VariantName = "[No Variations]"
Add component (AddParameter): Name = "DC Resistance"; Value = "0.10 Ohm Max."; VariantName = "[No Variations]"
Add component (AddParameter): Name = "Impedance (at 100 MHz)"; Value = "60 Ohm Typ."; VariantName = "[No Variations]"
Add component (AddParameter): Name = "Manufacturer"; Value = "Murata"; VariantName = "[No Variations]"
Add component (AddParameter): Name = "Mounting Technology"; Value = "Surface Mount"; VariantName = "[No Variations]"
Add component (AddParameter): Name = "Operating Temperature Range"; Value = "-55 to 125 degC"; VariantName = "[No Variations]"
Add component (AddParameter): Name = "PackageDescription"; Value = "2-Pin Chip, Body 1.6 x 0.8 mm"; VariantName = "[No Variations]"
Add component (AddParameter): Name = "PackageReference"; Value = "BLM18_H950-2"; VariantName = "[No Variations]"
Add component (AddParameter): Name = "Packing"; Value = "Tape and Reel"; VariantName = "[No Variations]"
Add component (AddParameter): Name = "PartNumber"; Value = "BLM18PG600SN1J"; VariantName = "[No Variations]"
Add component (AddParameter): Name = "Rated Current"; Value = "500 mA"; VariantName = "[No Variations]"
Added Component: Designator=FB4(MURA-BLM18PG_KG-CHIP-2_V2)
Add component (AddParameter): Name = "ComponentLink1Description"; Value = "Manufacturer URL"; VariantName = "[No Variations]"
Add component (AddParameter): Name = "ComponentLink1URL"; Value = "http://www.murata.com/"; VariantName = "[No Variations]"
Add component (AddParameter): Name = "ComponentLink2Description"; Value = "Datasheet"; VariantName = "[No Variations]"
Add component (AddParameter): Name = "ComponentLink2URL"; Value = "http://www.murata.com/products/catalog/pdf/c31e.pdf"; VariantName = "[No Variations]"
Add component (AddParameter): Name = "ComponentLink3Description"; Value = "Package Specification"; VariantName = "[No Variations]"
Add component (AddParameter): Name = "ComponentLink3URL"; Value = "http://www.murata.com/products/catalog/pdf/c31e.pdf"; VariantName = "[No Variations]"
Add component (AddParameter): Name = "DatasheetVersion"; Value = "08/2013"; VariantName = "[No Variations]"
Add component (AddParameter): Name = "DC Resistance"; Value = "0.10 Ohm Max."; VariantName = "[No Variations]"
Add component (AddParameter): Name = "Impedance (at 100 MHz)"; Value = "60 Ohm Typ."; VariantName = "[No Variations]"
Add component (AddParameter): Name = "Manufacturer"; Value = "Murata"; VariantName = "[No Variations]"
Add component (AddParameter): Name = "Mounting Technology"; Value = "Surface Mount"; VariantName = "[No Variations]"
Add component (AddParameter): Name = "Operating Temperature Range"; Value = "-55 to 125 degC"; VariantName = "[No Variations]"
Add component (AddParameter): Name = "PackageDescription"; Value = "2-Pin Chip, Body 1.6 x 0.8 mm"; VariantName = "[No Variations]"
Add component (AddParameter): Name = "PackageReference"; Value = "BLM18_H950-2"; VariantName = "[No Variations]"
Add component (AddParameter): Name = "Packing"; Value = "Tape and Reel"; VariantName = "[No Variations]"
Add component (AddParameter): Name = "PartNumber"; Value = "BLM18PG600SN1J"; VariantName = "[No Variations]"
Add component (AddParameter): Name = "Rated Current"; Value = "500 mA"; VariantName = "[No Variations]"
Added Component: Designator=J2(USB-MICRO-B_V)
Add component (AddParameter): Name = "3D Model"; Value = "105017-0001.stp"; VariantName = "[No Variations]"
Add component (AddParameter): Name = "Catalog Drawings"; Value = "1050170001"; VariantName = "[No Variations]"
Add component (AddParameter): Name = "Category"; Value = "Connectors,Interconnects"; VariantName = "[No Variations]"
Add component (AddParameter): Name = "Circuits"; Value = "5"; VariantName = "[No Variations]"
Add component (AddParameter): Name = "Connector Type"; Value = "USB-microB"; VariantName = "[No Variations]"
Add component (AddParameter): Name = "Datasheet URL"; Value = "http://www.molex.com/elqNow/elqRedir.htm?ref=http://www.molex.com/webdocs/datasheets/pdf/en-us/1050170001_IO_CONNECTORS.pdf"; VariantName = "[No Variations]"
Add component (AddParameter): Name = "Datasheet Version"; Value = "03/2016"; VariantName = "[No Variations]"
Add component (AddParameter): Name = "Family"; Value = "USB,DVI,HDMIConnectors"; VariantName = "[No Variations]"
Add component (AddParameter): Name = "Featured Product"; Value = "Micro-USBConnectorsUSBConnectors"; VariantName = "[No Variations]"
Add component (AddParameter): Name = "Features"; Value = "Shielded,SolderRetention"; VariantName = "[No Variations]"
Add component (AddParameter): Name = "Gender"; Value = "Receptacle"; VariantName = "[No Variations]"
Add component (AddParameter): Name = "Ingress Protection"; Value = "-"; VariantName = "[No Variations]"
Add component (AddParameter): Name = "Manufacturer"; Value = "Molex"; VariantName = "[No Variations]"
Add component (AddParameter): Name = "Manufacturer URL"; Value = "http://www.molex.com/"; VariantName = "[No Variations]"
Add component (AddParameter): Name = "Mating Products"; Value = "WM17145-ND-CABLEMICROUSBBTOSTDA1.0MWM17147-ND-CABLEMICROUSBBTOSTDA2.0MWM17146-ND-CABLEMICROUSBBTOSTDA1.5M"; VariantName = "[No Variations]"
Add component (AddParameter): Name = "Mounting Technology"; Value = "SurfaceMount"; VariantName = "[No Variations]"
Add component (AddParameter): Name = "Mounting Type"; Value = "BoardCutout,SurfaceMount,RightAngle"; VariantName = "[No Variations]"
Add component (AddParameter): Name = "Number of Contacts"; Value = "5"; VariantName = "[No Variations]"
Add component (AddParameter): Name = "Online Catalog"; Value = "Molex-MicroUSB"; VariantName = "[No Variations]"
Add component (AddParameter): Name = "Other Names"; Value = "WM1399DKR"; VariantName = "[No Variations]"
Add component (AddParameter): Name = "Package Description"; Value = "5-Leads USB, Micro B, Body 7.5 x 5 mm, Pitch 0.65 mm"; VariantName = "[No Variations]"
Add component (AddParameter): Name = "Package Reference"; Value = "MICRO-B"; VariantName = "[No Variations]"
Add component (AddParameter): Name = "Package URL"; Value = "http://www.molex.com/pdm_docs/sd/1050170001_sd.pdf"; VariantName = "[No Variations]"
Add component (AddParameter): Name = "Package Version"; Value = "Rev. F, 12/2012"; VariantName = "[No Variations]"
Add component (AddParameter): Name = "Packaging"; Value = "Digi-Reel?"; VariantName = "[No Variations]"
Add component (AddParameter): Name = "PCN Assembly/Origin"; Value = "ResinSupplier21/Oct/2015"; VariantName = "[No Variations]"
Add component (AddParameter): Name = "RoHS Information"; Value = "1050170001CertofCompliance"; VariantName = "[No Variations]"
Add component (AddParameter): Name = "Series"; Value = "-"; VariantName = "[No Variations]"
Add component (AddParameter): Name = "Specifications"; Value = "-"; VariantName = "[No Variations]"
Add component (AddParameter): Name = "Standard Package"; Value = "1"; VariantName = "[No Variations]"
Add component (AddParameter): Name = "Voltage - Max"; Value = "30V"; VariantName = "[No Variations]"
Added Component: Designator=P2(HDR1X2)
Add component (AddParameter): Name = "LatestRevisionDate"; Value = "17-Jul-2002"; VariantName = "[No Variations]"
Add component (AddParameter): Name = "LatestRevisionNote"; Value = "Re-released for DXP Platform."; VariantName = "[No Variations]"
Add component (AddParameter): Name = "Publisher"; Value = "Altium Limited"; VariantName = "[No Variations]"
Added Component: Designator=P3(HDR1X3)
Add component (AddParameter): Name = "LatestRevisionDate"; Value = "17-Jul-2002"; VariantName = "[No Variations]"
Add component (AddParameter): Name = "LatestRevisionNote"; Value = "Re-released for DXP Platform."; VariantName = "[No Variations]"
Add component (AddParameter): Name = "Publisher"; Value = "Altium Limited"; VariantName = "[No Variations]"
Added Component: Designator=P4(HDR1X3)
Add component (AddParameter): Name = "LatestRevisionDate"; Value = "17-Jul-2002"; VariantName = "[No Variations]"
Add component (AddParameter): Name = "LatestRevisionNote"; Value = "Re-released for DXP Platform."; VariantName = "[No Variations]"
Add component (AddParameter): Name = "Publisher"; Value = "Altium Limited"; VariantName = "[No Variations]"
Added Component: Designator=P5(HDR1X3)
Add component (AddParameter): Name = "LatestRevisionDate"; Value = "17-Jul-2002"; VariantName = "[No Variations]"
Add component (AddParameter): Name = "LatestRevisionNote"; Value = "Re-released for DXP Platform."; VariantName = "[No Variations]"
Add component (AddParameter): Name = "Publisher"; Value = "Altium Limited"; VariantName = "[No Variations]"
Added Component: Designator=R21(RESC0603(1608)_N)
Add component (AddParameter): Name = "Case-EIA"; Value = "0603"; VariantName = "[No Variations]"
Add component (AddParameter): Name = "Case-Metric"; Value = "1608"; VariantName = "[No Variations]"
Add component (AddParameter): Name = "Power"; Value = "0.1 W"; VariantName = "[No Variations]"
Add component (AddParameter): Name = "Technology"; Value = "SMT"; VariantName = "[No Variations]"
Add component (AddParameter): Name = "Tolerance"; Value = "1 %"; VariantName = "[No Variations]"
Add component (AddParameter): Name = "Value"; Value = "1000000.00 Ohm"; VariantName = "[No Variations]"
Added Component: Designator=R22(RESC0603(1608)_N)
Add component (AddParameter): Name = "Case-EIA"; Value = "0603"; VariantName = "[No Variations]"
Add component (AddParameter): Name = "Case-Metric"; Value = "1608"; VariantName = "[No Variations]"
Add component (AddParameter): Name = "Power"; Value = "0.1 W"; VariantName = "[No Variations]"
Add component (AddParameter): Name = "Technology"; Value = "SMT"; VariantName = "[No Variations]"
Add component (AddParameter): Name = "Tolerance"; Value = "1 %"; VariantName = "[No Variations]"
Add component (AddParameter): Name = "Value"; Value = "100.00 Ohm"; VariantName = "[No Variations]"
Added Component: Designator=R23(RESC0603(1608)_N)
Add component (AddParameter): Name = "Case-EIA"; Value = "0603"; VariantName = "[No Variations]"
Add component (AddParameter): Name = "Case-Metric"; Value = "1608"; VariantName = "[No Variations]"
Add component (AddParameter): Name = "Power"; Value = "0.1 W"; VariantName = "[No Variations]"
Add component (AddParameter): Name = "Technology"; Value = "SMT"; VariantName = "[No Variations]"
Add component (AddParameter): Name = "Tolerance"; Value = "1 %"; VariantName = "[No Variations]"
Add component (AddParameter): Name = "Value"; Value = "27.00 Ohm"; VariantName = "[No Variations]"
Added Component: Designator=R24(RESC0603(1608)_N)
Add component (AddParameter): Name = "Case-EIA"; Value = "0603"; VariantName = "[No Variations]"
Add component (AddParameter): Name = "Case-Metric"; Value = "1608"; VariantName = "[No Variations]"
Add component (AddParameter): Name = "Power"; Value = "0.1 W"; VariantName = "[No Variations]"
Add component (AddParameter): Name = "Technology"; Value = "SMT"; VariantName = "[No Variations]"
Add component (AddParameter): Name = "Tolerance"; Value = "1 %"; VariantName = "[No Variations]"
Add component (AddParameter): Name = "Value"; Value = "10000.00 Ohm"; VariantName = "[No Variations]"
Added Component: Designator=R25(RESC0603(1608)_N)
Add component (AddParameter): Name = "Case-EIA"; Value = "0603"; VariantName = "[No Variations]"
Add component (AddParameter): Name = "Case-Metric"; Value = "1608"; VariantName = "[No Variations]"
Add component (AddParameter): Name = "Power"; Value = "0.1 W"; VariantName = "[No Variations]"
Add component (AddParameter): Name = "Technology"; Value = "SMT"; VariantName = "[No Variations]"
Add component (AddParameter): Name = "Tolerance"; Value = "1 %"; VariantName = "[No Variations]"
Add component (AddParameter): Name = "Value"; Value = "27.00 Ohm"; VariantName = "[No Variations]"
Added Component: Designator=R26(RESC0805(2012)_N)
Add component (AddParameter): Name = "Case-EIA"; Value = "0805"; VariantName = "[No Variations]"
Add component (AddParameter): Name = "Case-Metric"; Value = "2012"; VariantName = "[No Variations]"
Add component (AddParameter): Name = "Power"; Value = "0.125 W"; VariantName = "[No Variations]"
Add component (AddParameter): Name = "Technology"; Value = "SMT"; VariantName = "[No Variations]"
Add component (AddParameter): Name = "Tolerance"; Value = "1 %"; VariantName = "[No Variations]"
Add component (AddParameter): Name = "Value"; Value = "1500.00 Ohm"; VariantName = "[No Variations]"
Added Component: Designator=R27(RESC0603(1608)_N)
Add component (AddParameter): Name = "Case-EIA"; Value = "0603"; VariantName = "[No Variations]"
Add component (AddParameter): Name = "Case-Metric"; Value = "1608"; VariantName = "[No Variations]"
Add component (AddParameter): Name = "Power"; Value = "0.1 W"; VariantName = "[No Variations]"
Add component (AddParameter): Name = "Technology"; Value = "SMT"; VariantName = "[No Variations]"
Add component (AddParameter): Name = "Tolerance"; Value = "1 %"; VariantName = "[No Variations]"
Add component (AddParameter): Name = "Value"; Value = "10000.00 Ohm"; VariantName = "[No Variations]"
Added Component: Designator=R28(RESC0603(1608)_N)
Add component (AddParameter): Name = "Case-EIA"; Value = "0603"; VariantName = "[No Variations]"
Add component (AddParameter): Name = "Case-Metric"; Value = "1608"; VariantName = "[No Variations]"
Add component (AddParameter): Name = "Power"; Value = "0.1 W"; VariantName = "[No Variations]"
Add component (AddParameter): Name = "Technology"; Value = "SMT"; VariantName = "[No Variations]"
Add component (AddParameter): Name = "Tolerance"; Value = "1 %"; VariantName = "[No Variations]"
Add component (AddParameter): Name = "Value"; Value = "1000.00 Ohm"; VariantName = "[No Variations]"
Added Component: Designator=U5(STM-LQFP48_N)
Add component (AddParameter): Name = "A/D Converter"; Value = "2x12-bit (10 Channel)"; VariantName = "[No Variations]"
Add component (AddParameter): Name = "ComponentLink1Description"; Value = "Manufacturer URL"; VariantName = "[No Variations]"
Add component (AddParameter): Name = "ComponentLink1URL"; Value = "http://www.st.com/web/en/home.html"; VariantName = "[No Variations]"
Add component (AddParameter): Name = "ComponentLink2Description"; Value = "Datasheet"; VariantName = "[No Variations]"
Add component (AddParameter): Name = "ComponentLink2URL"; Value = "http://www.st.com/st-web-ui/static/active/en/resource/technical/document/datasheet/CD00161566.pdf"; VariantName = "[No Variations]"
Add component (AddParameter): Name = "ComponentLink3Description"; Value = "Package Specification"; VariantName = "[No Variations]"
Add component (AddParameter): Name = "ComponentLink3URL"; Value = "http://www.st.com/st-web-ui/static/active/en/resource/technical/document/datasheet/DM00058181.pdf"; VariantName = "[No Variations]"
Add component (AddParameter): Name = "Core"; Value = "ARM Cortex-M3"; VariantName = "[No Variations]"
Add component (AddParameter): Name = "DatasheetVersion"; Value = "Rev. 16"; VariantName = "[No Variations]"
Add component (AddParameter): Name = "FLASH Size (Prog) (kB)"; Value = "64"; VariantName = "[No Variations]"
Add component (AddParameter): Name = "I/Os (High Current)"; Value = "37"; VariantName = "[No Variations]"
Add component (AddParameter): Name = "Internal RAM Size (kB)"; Value = "20"; VariantName = "[No Variations]"
Add component (AddParameter): Name = "Mounting Technology"; Value = "Surface Mount"; VariantName = "[No Variations]"
Add component (AddParameter): Name = "Operating Frequency(F) (Processor speed) (MHz)"; Value = "72"; VariantName = "[No Variations]"
Add component (AddParameter): Name = "PackageDescription"; Value = "48-Pin Low Profile Quad Flat Package, 7 x 7 mm Body, 0.5 mm Pitch"; VariantName = "[No Variations]"
Add component (AddParameter): Name = "PackageReference"; Value = "LQFP48"; VariantName = "[No Variations]"
Add component (AddParameter): Name = "PackageVersion"; Value = "Rev. 6, 06/2013"; VariantName = "[No Variations]"
Add component (AddParameter): Name = "Packing"; Value = "Tray"; VariantName = "[No Variations]"
Add component (AddParameter): Name = "PartId"; Value = "1"; VariantName = "[No Variations]"
Add component (AddParameter): Name = "PartNumber"; Value = "STM32F103C8T6"; VariantName = "[No Variations]"
Add component (AddParameter): Name = "Supply Voltage(Vcc) min (V)"; Value = "2"; VariantName = "[No Variations]"
Added Component: Designator=U6(DB0020A_N)
Add component (AddParameter): Name = "Bits(#)"; Value = "8"; VariantName = "[No Variations]"
Add component (AddParameter): Name = "Code_JEDEC"; Value = "MO-150"; VariantName = "[No Variations]"
Add component (AddParameter): Name = "DatasheetVersion"; Value = "SCLS175D"; VariantName = "[No Variations]"
Add component (AddParameter): Name = "F @ Nom Voltage(Max)(Mhz)"; Value = "25"; VariantName = "[No Variations]"
Add component (AddParameter): Name = "Generic Part Number"; Value = "SN74HCT244"; VariantName = "[No Variations]"
Add component (AddParameter): Name = "ICC @ Nom Voltage(Max)(mA)"; Value = "0.08"; VariantName = "[No Variations]"
Add component (AddParameter): Name = "Input Type"; Value = "TTL"; VariantName = "[No Variations]"
Add component (AddParameter): Name = "Manufacturer"; Value = "Texas Instruments"; VariantName = "[No Variations]"
Add component (AddParameter): Name = "Operating Temperature Range(C)"; Value = "-40 to 85"; VariantName = "[No Variations]"
Add component (AddParameter): Name = "Output Type"; Value = "CMOS"; VariantName = "[No Variations]"
Add component (AddParameter): Name = "PackageReference"; Value = "DB0020A"; VariantName = "[No Variations]"
Add component (AddParameter): Name = "PackageVersion"; Value = "http://www.ti.com/lit/ml/mpds508/mpds508.pdf"; VariantName = "[No Variations]"
Add component (AddParameter): Name = "PartId"; Value = "1"; VariantName = "[No Variations]"
Add component (AddParameter): Name = "Rating"; Value = "Catalog"; VariantName = "[No Variations]"
Add component (AddParameter): Name = "tpd @ Nom Voltage(Max)(ns)"; Value = "32"; VariantName = "[No Variations]"
Add component (AddParameter): Name = "VCC(Max)(V)"; Value = "5.5"; VariantName = "[No Variations]"
Add component (AddParameter): Name = "VCC(Min)(V)"; Value = "4.5"; VariantName = "[No Variations]"
Add component (AddParameter): Name = "Voltage(Nom)(V)"; Value = "5"; VariantName = "[No Variations]"
Added Component: Designator=U7(DBV0005A_N)
Add component (AddParameter): Name = "Accuracy (%)"; Value = "1"; VariantName = "[No Variations]"
Add component (AddParameter): Name = "ComponentLink1Description"; Value = "Manufacturer URL"; VariantName = "[No Variations]"
Add component (AddParameter): Name = "ComponentLink1URL"; Value = "http://www.ti.com/"; VariantName = "[No Variations]"
Add component (AddParameter): Name = "ComponentLink2Description"; Value = "Datasheet"; VariantName = "[No Variations]"
Add component (AddParameter): Name = "ComponentLink2URL"; Value = "http://www.ti.com/lit/ds/symlink/lp2985-50.pdf"; VariantName = "[No Variations]"
Add component (AddParameter): Name = "ComponentLink3Description"; Value = "Package Specification"; VariantName = "[No Variations]"
Add component (AddParameter): Name = "ComponentLink3URL"; Value = "http://www.ti.com/litv/pdf/mpds018j"; VariantName = "[No Variations]"
Add component (AddParameter): Name = "DatasheetVersion"; Value = "SLVS522N"; VariantName = "[No Variations]"
Add component (AddParameter): Name = "Fixed Output Options (V)"; Value = "3.3"; VariantName = "[No Variations]"
Add component (AddParameter): Name = "Iout (Max) (A)"; Value = "0.15"; VariantName = "[No Variations]"
Add component (AddParameter): Name = "Iq (Typ) (mA)"; Value = "0.85"; VariantName = "[No Variations]"
Add component (AddParameter): Name = "Manufacturer"; Value = "Texas Instruments"; VariantName = "[No Variations]"
Add component (AddParameter): Name = "Mounting Technology"; Value = "Surface Mount"; VariantName = "[No Variations]"
Add component (AddParameter): Name = "Operating Temperature Range (degC)"; Value = "-40 to 125"; VariantName = "[No Variations]"
Add component (AddParameter): Name = "Output Options"; Value = "Fixed Output"; VariantName = "[No Variations]"
Add component (AddParameter): Name = "PackageDescription"; Value = "5-Pin Plastic Small Outline, Body 2.9 x 1.6 mm, Pitch 0.95 mm"; VariantName = "[No Variations]"
Add component (AddParameter): Name = "PackageReference"; Value = "DBV0005A"; VariantName = "[No Variations]"
Add component (AddParameter): Name = "PackageVersion"; Value = "4073253-4/L"; VariantName = "[No Variations]"
Add component (AddParameter): Name = "Packing"; Value = "Tape and Reel"; VariantName = "[No Variations]"
Add component (AddParameter): Name = "PartNumber"; Value = "LP2985A-33DBVT"; VariantName = "[No Variations]"
Add component (AddParameter): Name = "RoHS"; Value = "TRUE"; VariantName = "[No Variations]"
Add component (AddParameter): Name = "Vdo (Typ) (mV)"; Value = "280"; VariantName = "[No Variations]"
Add component (AddParameter): Name = "Vin (V)"; Value = "2.2 to 16"; VariantName = "[No Variations]"
Added Component: Designator=Y1(ADAI-THHF-49S3)
Add component (AddParameter): Name = "Case\Package"; Value = "PDIP"; VariantName = "[No Variations]"
Add component (AddParameter): Name = "Channels"; Value = "1"; VariantName = "[No Variations]"
Add component (AddParameter): Name = "ComponentLink1Description"; Value = "Manufacturer URL"; VariantName = "[No Variations]"
Add component (AddParameter): Name = "ComponentLink1URL"; Value = "https://www.adafruit.com/"; VariantName = "[No Variations]"
Add component (AddParameter): Name = "ComponentLink2Description"; Value = "Datasheet"; VariantName = "[No Variations]"
Add component (AddParameter): Name = "ComponentLink2URL"; Value = "https://cdn-shop.adafruit.com/product-files/2214/2214datasheet.pdf"; VariantName = "[No Variations]"
Add component (AddParameter): Name = "DatasheetVersion"; Value = "Nov-14"; VariantName = "[No Variations]"
Add component (AddParameter): Name = "Elements"; Value = "1"; VariantName = "[No Variations]"
Add component (AddParameter): Name = "Height"; Value = "4.57 mm"; VariantName = "[No Variations]"
Add component (AddParameter): Name = "Length"; Value = "9.81 mm"; VariantName = "[No Variations]"
Add component (AddParameter): Name = "Max Dual Supply Voltage"; Value = "15 V"; VariantName = "[No Variations]"
Add component (AddParameter): Name = "Max Operating Temperature"; Value = "70 degC"; VariantName = "[No Variations]"
Add component (AddParameter): Name = "Max Supply Voltage"; Value = "30 V"; VariantName = "[No Variations]"
Add component (AddParameter): Name = "Min Dual Supply Voltage"; Value = "1.75 V"; VariantName = "[No Variations]"
Add component (AddParameter): Name = "Min Operating Temperature"; Value = "0 degC"; VariantName = "[No Variations]"
Add component (AddParameter): Name = "Min Supply Voltage"; Value = "3.5 V"; VariantName = "[No Variations]"
Add component (AddParameter): Name = "Mount"; Value = "Through Hole"; VariantName = "[No Variations]"
Add component (AddParameter): Name = "Nominal Dual Supply Voltage"; Value = "12 V"; VariantName = "[No Variations]"
Add component (AddParameter): Name = "Nominal Supply Current"; Value = "7.5 mA"; VariantName = "[No Variations]"
Add component (AddParameter): Name = "Nominal Supply Voltage"; Value = "12 V"; VariantName = "[No Variations]"
Add component (AddParameter): Name = "Nominal Voltage Gain"; Value = "106.02 dB"; VariantName = "[No Variations]"
Add component (AddParameter): Name = "Package Quantity"; Value = "50"; VariantName = "[No Variations]"
Add component (AddParameter): Name = "PackageDescription"; Value = "2-Pin Through Hole Device, Body 11.05 x 4.65 mm, Pitch 4.88 mm"; VariantName = "[No Variations]"
Add component (AddParameter): Name = "PackageReference"; Value = "THHF-49S3"; VariantName = "[No Variations]"
Add component (AddParameter): Name = "Packaging"; Value = "Rail/Tube"; VariantName = "[No Variations]"
Add component (AddParameter): Name = "Pins"; Value = "8"; VariantName = "[No Variations]"
Add component (AddParameter): Name = "Propagation Delay"; Value = "115 ns"; VariantName = "[No Variations]"
Add component (AddParameter): Name = "Radiation Hardening"; Value = "No"; VariantName = "[No Variations]"
Add component (AddParameter): Name = "REACH SVHC"; Value = "No SVHC"; VariantName = "[No Variations]"
Add component (AddParameter): Name = "RoHSCompliant"; Value = "true"; VariantName = "[No Variations]"
Add component (AddParameter): Name = "Weight"; Value = "0.015535 oz"; VariantName = "[No Variations]"
Add component (AddParameter): Name = "Width"; Value = "6.35 mm"; VariantName = "[No Variations]"
Added Pin To Net: NetName=NetC13_1 Pin=C13-1
Added Pin To Net: NetName=GND Pin=C13-2
Added Pin To Net: NetName=NetC14_1 Pin=C14-1
Added Pin To Net: NetName=GND Pin=C14-2
Added Pin To Net: NetName=VBUS Pin=C15-1
Added Pin To Net: NetName=GND Pin=C15-2
Added Pin To Net: NetName=GND Pin=C16-1
Added Pin To Net: NetName=MCU_nRESET Pin=C16-2
Added Pin To Net: NetName=GND Pin=C17-1
Added Pin To Net: NetName=3.3VD Pin=C17-2
Added Pin To Net: NetName=GND Pin=C18-1
Added Pin To Net: NetName=3.3VD Pin=C18-2
Added Pin To Net: NetName=GND Pin=C19-1
Added Pin To Net: NetName=3.3VD Pin=C19-2
Added Pin To Net: NetName=GND Pin=C20-1
Added Pin To Net: NetName=3.3VD Pin=C20-2
Added Pin To Net: NetName=GND Pin=C21-1
Added Pin To Net: NetName=3.3VD Pin=C21-2
Added Pin To Net: NetName=GND Pin=C22-1
Added Pin To Net: NetName=NetC22_2 Pin=C22-2
Added Pin To Net: NetName=NetC23_1 Pin=C23-1
Added Pin To Net: NetName=NetC23_2 Pin=C23-2
Added Pin To Net: NetName=GND Pin=C24-1
Added Pin To Net: NetName=VBUS Pin=C24-2
Added Pin To Net: NetName=NetD1_1 Pin=D1-1
Added Pin To Net: NetName=3.3VD Pin=D1-2
Added Pin To Net: NetName=NetD1_3 Pin=D1-3
Added Pin To Net: NetName=3.3VD Pin=D1-4
Added Pin To Net: NetName=VBUS Pin=FB1-1
Added Pin To Net: NetName=NetFB1_2 Pin=FB1-2
Added Pin To Net: NetName=GND Pin=FB2-1
Added Pin To Net: NetName=NetFB2_2 Pin=FB2-2
Added Pin To Net: NetName=NetC23_1 Pin=FB3-1
Added Pin To Net: NetName=GND Pin=FB3-2
Added Pin To Net: NetName=3.3VD Pin=FB4-1
Added Pin To Net: NetName=NetC23_2 Pin=FB4-2
Added Pin To Net: NetName=NetFB1_2 Pin=J2-1
Added Pin To Net: NetName=NetFB2_2 Pin=J2-5
Added Pin To Net: NetName=NetFB2_2 Pin=J2-6
Added Pin To Net: NetName=NetFB2_2 Pin=J2-7
Added Pin To Net: NetName=NetFB2_2 Pin=J2-8
Added Pin To Net: NetName=NetFB2_2 Pin=J2-9
Added Pin To Net: NetName=NetFB2_2 Pin=J2-10
Added Pin To Net: NetName=NetFB2_2 Pin=J2-11
Added Pin To Net: NetName=GND Pin=P2-2
Added Pin To Net: NetName=VBUS Pin=P3-1
Added Pin To Net: NetName=NetP3_2 Pin=P3-2
Added Pin To Net: NetName=GND Pin=P3-3
Added Pin To Net: NetName=GND Pin=P4-1
Added Pin To Net: NetName=GND Pin=P5-1
Added Pin To Net: NetName=NetC14_1 Pin=R21-1
Added Pin To Net: NetName=NetC13_1 Pin=R21-2
Added Pin To Net: NetName=NetP3_2 Pin=R22-2
Added Pin To Net: NetName=MCU_nRESET Pin=R24-1
Added Pin To Net: NetName=3.3VD Pin=R24-2
Added Pin To Net: NetName=D+ Pin=R25-2
Added Pin To Net: NetName=D+ Pin=R26-1
Added Pin To Net: NetName=VBUS Pin=R26-2
Added Pin To Net: NetName=GND Pin=R27-1
Added Pin To Net: NetName=NetD1_3 Pin=R28-2
Added Pin To Net: NetName=3.3VD Pin=U5-1
Added Pin To Net: NetName=NetC13_1 Pin=U5-5
Added Pin To Net: NetName=NetC14_1 Pin=U5-6
Added Pin To Net: NetName=NetC23_1 Pin=U5-8
Added Pin To Net: NetName=NetC23_2 Pin=U5-9
Added Pin To Net: NetName=GND Pin=U5-23
Added Pin To Net: NetName=3.3VD Pin=U5-24
Added Pin To Net: NetName=GND Pin=U5-35
Added Pin To Net: NetName=3.3VD Pin=U5-36
Added Pin To Net: NetName=GND Pin=U5-47
Added Pin To Net: NetName=3.3VD Pin=U5-48
Added Pin To Net: NetName=GND Pin=U6-10
Added Pin To Net: NetName=VBUS Pin=U6-20
Added Pin To Net: NetName=VBUS Pin=U7-1
Added Pin To Net: NetName=GND Pin=U7-2
Added Pin To Net: NetName=VBUS Pin=U7-3
Added Pin To Net: NetName=NetC22_2 Pin=U7-4
Added Pin To Net: NetName=3.3VD Pin=U7-5
Added Pin To Net: NetName=NetC13_1 Pin=Y1-1
Added Pin To Net: NetName=NetC14_1 Pin=Y1-2
Added Member To Class: ClassName=USB-NSTr_v3 Member=Component C13 CAP 22pF
Added Member To Class: ClassName=USB-NSTr_v3 Member=Component C14 CAP 22pF
Added Member To Class: ClassName=USB-NSTr_v3 Member=Component C15 TAJA106K016RNJ
Added Member To Class: ClassName=USB-NSTr_v3 Member=Component C16 CAP 1uF 25V
Added Member To Class: ClassName=USB-NSTr_v3 Member=Component C17 CAP 100nF 6.3V
Added Member To Class: ClassName=USB-NSTr_v3 Member=Component C18 CAP 100nF 6.3V
Added Member To Class: ClassName=USB-NSTr_v3 Member=Component C19 CAP 100nF 6.3V
Added Member To Class: ClassName=USB-NSTr_v3 Member=Component C20 CAP 100nF 6.3V
Added Member To Class: ClassName=USB-NSTr_v3 Member=Component C21 CAP 2.2uF 16V
Added Member To Class: ClassName=USB-NSTr_v3 Member=Component C22 CAP 10nF 16V
Added Member To Class: ClassName=USB-NSTr_v3 Member=Component C23 CAP 100nF 6.3V
Added Member To Class: ClassName=USB-NSTr_v3 Member=Component C24 CAP 100nF 6.3V
Added Member To Class: ClassName=USB-NSTr_v3 Member=Component D1 Bi-Color LED
Added Member To Class: ClassName=USB-NSTr_v3 Member=Component FB1 BLM18PG600SN1J
Added Member To Class: ClassName=USB-NSTr_v3 Member=Component FB2 BLM18PG600SN1J
Added Member To Class: ClassName=USB-NSTr_v3 Member=Component FB3 BLM18PG600SN1J
Added Member To Class: ClassName=USB-NSTr_v3 Member=Component FB4 BLM18PG600SN1J
Added Member To Class: ClassName=USB-NSTr_v3 Member=Component J2 105017-0001
Added Member To Class: ClassName=USB-NSTr_v3 Member=Component P2 Header 2
Added Member To Class: ClassName=USB-NSTr_v3 Member=Component P3 Header 3
Added Member To Class: ClassName=USB-NSTr_v3 Member=Component P4 Header 3
Added Member To Class: ClassName=USB-NSTr_v3 Member=Component P5 MHDR1X3
Added Member To Class: ClassName=USB-NSTr_v3 Member=Component R21 1M 1%
Added Member To Class: ClassName=USB-NSTr_v3 Member=Component R22 100R 1%
Added Member To Class: ClassName=USB-NSTr_v3 Member=Component R23 27R 1%
Added Member To Class: ClassName=USB-NSTr_v3 Member=Component R24 10K 1% 0603(1608)
Added Member To Class: ClassName=USB-NSTr_v3 Member=Component R25 27R 1%
Added Member To Class: ClassName=USB-NSTr_v3 Member=Component R26 1K5 1%
Added Member To Class: ClassName=USB-NSTr_v3 Member=Component R27 10K 1%
Added Member To Class: ClassName=USB-NSTr_v3 Member=Component R28 1K 1%
Added Member To Class: ClassName=USB-NSTr_v3 Member=Component U5 STM32F103C8T6
Added Member To Class: ClassName=USB-NSTr_v3 Member=Component U6 SN74HCT244DBR
Added Member To Class: ClassName=USB-NSTr_v3 Member=Component U7 LP2985A-33DBVT
Added Member To Class: ClassName=USB-NSTr_v3 Member=Component Y1 ADA2214
