Removed Pin From Net: NetName=GND Pin=C1-1
Removed Pin From Net: NetName=+5 Pin=C1-2
Removed Pin From Net: NetName=GND Pin=C2-1
Removed Pin From Net: NetName=+5 Pin=C2-2
Removed Pin From Net: NetName=GND Pin=C3-1
Removed Pin From Net: NetName=GND Pin=C4-1
Removed Pin From Net: NetName=GND Pin=C8-1
Removed Pin From Net: NetName=GND Pin=C12-1
Removed Pin From Net: NetName=+5 Pin=C12-2
Removed Pin From Net: NetName=NetQ3_3 Pin=R5-1
Removed Pin From Net: NetName=NetQ4_3 Pin=R6-1
Removed Pin From Net: NetName=+5 Pin=R9-CCW
Removed Pin From Net: NetName=GND Pin=R9-CW
Removed Pin From Net: NetName=+5 Pin=R10-CCW
Removed Pin From Net: NetName=GND Pin=R10-CW
Removed Pin From Net: NetName=NetQ5_3 Pin=R11-1
Removed Pin From Net: NetName=NetQ6_3 Pin=R12-1
Removed Pin From Net: NetName=+5 Pin=R19-CCW
Removed Pin From Net: NetName=GND Pin=R19-CW
Removed Pin From Net: NetName=NetQ3_3 Pin=U1-6
Removed Pin From Net: NetName=NetP1_9 Pin=U1-7
Removed Pin From Net: NetName=+5 Pin=U1-8
Removed Pin From Net: NetName=NetQ4_3 Pin=U2-6
Removed Pin From Net: NetName=NetP1_3 Pin=U2-7
Removed Pin From Net: NetName=NetQ5_3 Pin=U3-2
Removed Pin From Net: NetName=NetQ6_3 Pin=U4-2
Removed Member From Class: ClassName=USB-NSTr_v3 Member=C1
Removed Member From Class: ClassName=USB-NSTr_v3 Member=C2
Removed Member From Class: ClassName=USB-NSTr_v3 Member=C5
Removed Member From Class: ClassName=USB-NSTr_v3 Member=C6
Removed Member From Class: ClassName=Detector Member=C8
Removed Member From Class: ClassName=Detector Member=C9
Removed Member From Class: ClassName=Detector Member=C10
Removed Member From Class: ClassName=Detector Member=C11
Removed Member From Class: ClassName=Detector Member=C12
Removed Member From Class: ClassName=USB-NSTr_v3 Member=R8
Removed Member From Class: ClassName=USB-NSTr_v3 Member=R15
Removed Member From Class: ClassName=USB-NSTr_v3 Member=R16
Removed Member From Class: ClassName=USB-NSTr_v3 Member=R17
Removed Member From Class: ClassName=USB-NSTr_v3 Member=R18
Removed Member From Class: ClassName=Detector Member=R19
Removed Member From Class: ClassName=USB-NSTr_v3 Member=U1
Removed Member From Class: ClassName=USB-NSTr_v3 Member=U2
Change Component Designator: OldDesignator=C5 NewDesignator=C6
Change Component Designator: OldDesignator=C6 NewDesignator=C1
Change Component Designator: OldDesignator=C7 NewDesignator=C3
Change Component Designator: OldDesignator=C9 NewDesignator=C5
Change Component Designator: OldDesignator=C10 NewDesignator=C2
Change Component Designator: OldDesignator=C11 NewDesignator=C7
Change Component Designator: OldDesignator=C13 NewDesignator=C8
Change Component Designator: OldDesignator=C14 NewDesignator=C9
Change Component Designator: OldDesignator=C15 NewDesignator=C18
Change Component Designator: OldDesignator=C16 NewDesignator=C11
Change Component Designator: OldDesignator=C17 NewDesignator=C10
Change Component Designator: OldDesignator=C18 NewDesignator=C12
Change Component Designator: OldDesignator=C19 NewDesignator=C13
Change Component Designator: OldDesignator=C20 NewDesignator=C14
Change Component Designator: OldDesignator=C21 NewDesignator=C17
Change Component Designator: OldDesignator=C22 NewDesignator=C16
Change Component Designator: OldDesignator=C23 NewDesignator=C15
Change Component Designator: OldDesignator=C24 NewDesignator=C19
Change Component Designator: OldDesignator=FB1 NewDesignator=FB3
Change Component Designator: OldDesignator=FB2 NewDesignator=FB4
Change Component Designator: OldDesignator=FB3 NewDesignator=FB2
Change Component Designator: OldDesignator=FB4 NewDesignator=FB1
Change Component Designator: OldDesignator=P2 NewDesignator=P4
Change Component Designator: OldDesignator=P3 NewDesignator=P5
Change Component Designator: OldDesignator=P4 NewDesignator=P6
Change Component Designator: OldDesignator=P5 NewDesignator=P3
Change Component Designator: OldDesignator=R1 NewDesignator=R3
Change Component Designator: OldDesignator=R2 NewDesignator=R5
Change Component Designator: OldDesignator=R3 NewDesignator=R11
Change Component Designator: OldDesignator=R4 NewDesignator=R15
Change Component Designator: OldDesignator=R5 NewDesignator=R9
Change Component Designator: OldDesignator=R6 NewDesignator=R1
Change Component Designator: OldDesignator=R7 NewDesignator=R16
Change Component Designator: OldDesignator=R8 NewDesignator=R6
Change Component Designator: OldDesignator=R11 NewDesignator=R4
Change Component Designator: OldDesignator=R13 NewDesignator=R7
Change Component Designator: OldDesignator=R14 NewDesignator=R17
Change Component Designator: OldDesignator=R15 NewDesignator=R2
Change Component Designator: OldDesignator=R16 NewDesignator=R10
Change Component Designator: OldDesignator=R17 NewDesignator=R8
Change Component Designator: OldDesignator=R20 NewDesignator=R14
Change Component Designator: OldDesignator=R21 NewDesignator=R23
Change Component Designator: OldDesignator=R22 NewDesignator=R27
Change Component Designator: OldDesignator=R23 NewDesignator=R24
Change Component Designator: OldDesignator=R24 NewDesignator=R19
Change Component Designator: OldDesignator=R27 NewDesignator=R22
Change Component Designator: OldDesignator=R28 NewDesignator=R20
Change Component Designator: OldDesignator=R29 NewDesignator=R21
Added Pin To Net: NetName=NetQ5_3 Pin=R1-1
Added Pin To Net: NetName=NetQ3_3 Pin=R4-1
Added Pin To Net: NetName=NetQ6_3 Pin=R9-1
Added Pin To Net: NetName=NetQ4_3 Pin=R12-1
Added Pin To Net: NetName=NetC9_2 Pin=U1-3
Added Pin To Net: NetName=NetC9_2 Pin=U1-5
Added Pin To Net: NetName=NetQ5_3 Pin=U1-6
Added Pin To Net: NetName=NetP1_3 Pin=U1-7
Added Pin To Net: NetName=NetC9_2 Pin=U2-3
Added Pin To Net: NetName=NetC9_2 Pin=U2-5
Added Pin To Net: NetName=NetQ6_3 Pin=U2-6
Added Pin To Net: NetName=NetP1_9 Pin=U2-7
Added Pin To Net: NetName=NetQ3_3 Pin=U3-2
Added Pin To Net: NetName=NetC9_2 Pin=U3-3
Added Pin To Net: NetName=NetC9_2 Pin=U3-5
Added Pin To Net: NetName=NetQ4_3 Pin=U4-2
Change Net Name : Old Net Name=NetC9_2 New Net Name=NetC5_2
Change Net Name : Old Net Name=NetC13_1 New Net Name=NetC8_1
Change Net Name : Old Net Name=NetC14_1 New Net Name=NetC9_1
Change Net Name : Old Net Name=NetC22_2 New Net Name=NetC16_2
Change Net Name : Old Net Name=NetC23_1 New Net Name=NetC15_1
Change Net Name : Old Net Name=NetC23_2 New Net Name=NetC15_2
Change Net Name : Old Net Name=NetFB1_2 New Net Name=NetFB3_2
Change Net Name : Old Net Name=NetFB2_2 New Net Name=NetFB4_2
Change Net Name : Old Net Name=NetP3_2 New Net Name=NetP5_2
Added Member To Class: ClassName=USB-NSTr_v3 Member=Component C12 CAP 100nF 6.3V
Added Member To Class: ClassName=USB-NSTr_v3 Member=Component C14 CAP 100nF 6.3V
Added Member To Class: ClassName=USB-NSTr_v3 Member=Component C15 CAP 100nF 6.3V
Added Member To Class: ClassName=USB-NSTr_v3 Member=Component C16 CAP 10nF 16V
Added Member To Class: ClassName=USB-NSTr_v3 Member=Component C18 TAJA106K016RNJ
Added Member To Class: ClassName=USB-NSTr_v3 Member=Component FB3 BLM18PG600SN1J
Added Member To Class: ClassName=USB-NSTr_v3 Member=Component FB4 BLM18PG600SN1J
Added Member To Class: ClassName=USB-NSTr_v3 Member=Component P3 MHDR1X3
Added Member To Class: ClassName=USB-NSTr_v3 Member=Component P5 Header 3
Added Member To Class: ClassName=USB-NSTr_v3 Member=Component P6 Header 3
Added Member To Class: ClassName=Detector Member=Component Q3 TEMT6000X01
Added Member To Class: ClassName=Detector Member=Component Q4 TEMT6000X01
Added Member To Class: ClassName=Detector Member=Component R9 10K 1% 0603(1608)
Added Member To Class: ClassName=Detector Member=Component R12 10K 1% 0603(1608)
Added Member To Class: ClassName=Detector Member=Component R16 3K3 1% 0603(1608)
Added Member To Class: ClassName=Detector Member=Component R17 1K 1% 0603(1608)
Added Member To Class: ClassName=USB-NSTr_v3 Member=Component R19 10K 1% 0603(1608)
Added Member To Class: ClassName=USB-NSTr_v3 Member=Component R22 10K 1%
Added Member To Class: ClassName=USB-NSTr_v3 Member=Component R24 27R 1%
Added Member To Class: ClassName=USB-NSTr_v3 Member=Component R25 27R 1%
Added Member To Class: ClassName=USB-NSTr_v3 Member=Component R26 1K5 1%
Added Member To Class: ClassName=USB-NSTr_v3 Member=Component R27 100R 1%
Added Member To Class: ClassName=Detector Member=Component U3 LM393M
Added Member To Class: ClassName=USB-NSTr_v3 Member=Component U5 STM32F103C8T6
Added Member To Class: ClassName=USB-NSTr_v3 Member=Component U6 SN74HCT244DBR
Added Room: Name=Detector
Added Room: Name=USB-NSTr_v3
