Removed Pin From Net: NetName=3.3VD Pin=IMU1-1
Removed Pin From Net: NetName=INT_1 Pin=IMU1-7
Removed Pin From Net: NetName=INT_2 Pin=IMU1-8
Removed Pin From Net: NetName=INT_3 Pin=IMU1-9
Removed Pin From Net: NetName=GND Pin=IMU1-10
Removed Pin From Net: NetName=I2C_SCL_B Pin=IMU1-12
Removed Pin From Net: NetName=I2C_SDA_B Pin=IMU1-13
Removed Pin From Net: NetName=SPI_SCLK Pin=IMU1-14
Removed Pin From Net: NetName=SPI_MISO Pin=IMU1-15
Removed Pin From Net: NetName=SPI_MOSI Pin=IMU1-16
Removed Pin From Net: NetName=SPI_CS_A/G Pin=IMU1-17
Removed Pin From Net: NetName=SPI_CS_M Pin=IMU1-18
Removed Member From Class: ClassName=NanoEEG_v3 Member=IMU1
Change Component Designator: OldDesignator=R29 NewDesignator=R34
Change Component Designator: OldDesignator=R30 NewDesignator=R29
Change Component Designator: OldDesignator=R31 NewDesignator=R30
Change Component Designator: OldDesignator=R32 NewDesignator=R31
Change Component Designator: OldDesignator=R33 NewDesignator=R32
Change Component Designator: OldDesignator=R34 NewDesignator=R33
Added Component: Designator=P4(10PIN ĸ)
Added Component: Designator=P5(10PIN ĸ)
Added Member To Class: ClassName=NanoEEG_v3 Member=Component P4 5*2 ĸ
Added Member To Class: ClassName=NanoEEG_v3 Member=Component P5 5*2 ĸ
Added Room: Name=NanoEEG_v3
