Removed Pin From Net: NetName=SYS_PWR Pin=P4-1
Removed Pin From Net: NetName=SYS_PWR Pin=P4-2
Removed Pin From Net: NetName=GND Pin=P4-3
Removed Pin From Net: NetName=GND Pin=P4-4
Removed Pin From Net: NetName=GND Pin=P4-5
Removed Pin From Net: NetName=GND Pin=P4-6
Removed Pin From Net: NetName=GND Pin=P4-7
Removed Pin From Net: NetName=GND Pin=P4-8
Removed Pin From Net: NetName=GND Pin=P4-9
Removed Pin From Net: NetName=GND Pin=P4-10
Removed Pin From Net: NetName=3.3VD Pin=P4-11
Removed Pin From Net: NetName=3.3VD Pin=P4-12
Removed Pin From Net: NetName=I2C_SCL_B Pin=P4-13
Removed Pin From Net: NetName=I2C_SDA_B Pin=P4-14
Removed Pin From Net: NetName=INT_1 Pin=P4-15
Removed Pin From Net: NetName=INT_2 Pin=P4-16
Removed Pin From Net: NetName=INT_3 Pin=P4-17
Removed Member From Class: ClassName=NanoEEG_v3 Member=P4
Added Component: Designator=IMU1(IMU_moudle)
Added Component: Designator=R30(RESC0603(1608)_N)
Add component (AddParameter): Name = "Case-EIA"; Value = "0603"; VariantName = "[No Variations]"
Add component (AddParameter): Name = "Case-Metric"; Value = "1608"; VariantName = "[No Variations]"
Add component (AddParameter): Name = "Power"; Value = "0.1 W"; VariantName = "[No Variations]"
Add component (AddParameter): Name = "Technology"; Value = "SMT"; VariantName = "[No Variations]"
Add component (AddParameter): Name = "Tolerance"; Value = "1 %"; VariantName = "[No Variations]"
Add component (AddParameter): Name = "Value"; Value = "100.00 Ohm"; VariantName = "[No Variations]"
Added Component: Designator=R31(RESC0603(1608)_N)
Add component (AddParameter): Name = "Case-EIA"; Value = "0603"; VariantName = "[No Variations]"
Add component (AddParameter): Name = "Case-Metric"; Value = "1608"; VariantName = "[No Variations]"
Add component (AddParameter): Name = "Power"; Value = "0.1 W"; VariantName = "[No Variations]"
Add component (AddParameter): Name = "Technology"; Value = "SMT"; VariantName = "[No Variations]"
Add component (AddParameter): Name = "Tolerance"; Value = "1 %"; VariantName = "[No Variations]"
Add component (AddParameter): Name = "Value"; Value = "100.00 Ohm"; VariantName = "[No Variations]"
Added Component: Designator=R32(RESC0603(1608)_N)
Add component (AddParameter): Name = "Case-EIA"; Value = "0603"; VariantName = "[No Variations]"
Add component (AddParameter): Name = "Case-Metric"; Value = "1608"; VariantName = "[No Variations]"
Add component (AddParameter): Name = "Power"; Value = "0.1 W"; VariantName = "[No Variations]"
Add component (AddParameter): Name = "Technology"; Value = "SMT"; VariantName = "[No Variations]"
Add component (AddParameter): Name = "Tolerance"; Value = "1 %"; VariantName = "[No Variations]"
Add component (AddParameter): Name = "Value"; Value = "100.00 Ohm"; VariantName = "[No Variations]"
Added Component: Designator=R33(RESC0603(1608)_N)
Add component (AddParameter): Name = "Case-EIA"; Value = "0603"; VariantName = "[No Variations]"
Add component (AddParameter): Name = "Case-Metric"; Value = "1608"; VariantName = "[No Variations]"
Add component (AddParameter): Name = "Power"; Value = "0.1 W"; VariantName = "[No Variations]"
Add component (AddParameter): Name = "Technology"; Value = "SMT"; VariantName = "[No Variations]"
Add component (AddParameter): Name = "Tolerance"; Value = "1 %"; VariantName = "[No Variations]"
Add component (AddParameter): Name = "Value"; Value = "100.00 Ohm"; VariantName = "[No Variations]"
Added Component: Designator=R34(RESC0603(1608)_N)
Add component (AddParameter): Name = "Case-EIA"; Value = "0603"; VariantName = "[No Variations]"
Add component (AddParameter): Name = "Case-Metric"; Value = "1608"; VariantName = "[No Variations]"
Add component (AddParameter): Name = "Power"; Value = "0.1 W"; VariantName = "[No Variations]"
Add component (AddParameter): Name = "Technology"; Value = "SMT"; VariantName = "[No Variations]"
Add component (AddParameter): Name = "Tolerance"; Value = "1 %"; VariantName = "[No Variations]"
Add component (AddParameter): Name = "Value"; Value = "100.00 Ohm"; VariantName = "[No Variations]"
Added Pin To Net: NetName=3.3VD Pin=IMU1-1
Added Pin To Net: NetName=INT_1 Pin=IMU1-7
Added Pin To Net: NetName=INT_2 Pin=IMU1-8
Added Pin To Net: NetName=INT_3 Pin=IMU1-9
Added Pin To Net: NetName=GND Pin=IMU1-10
Added Pin To Net: NetName=I2C_SCL_B Pin=IMU1-12
Added Pin To Net: NetName=I2C_SDA_B Pin=IMU1-13
Added Pin To Net: NetName=NetMOD1_36 Pin=R30-2
Added Pin To Net: NetName=NetMOD1_37 Pin=R31-2
Added Pin To Net: NetName=NetMOD1_38 Pin=R32-2
Added Pin To Net: NetName=INT_2 Pin=R33-2
Added Pin To Net: NetName=INT_3 Pin=R34-2
Added Pin To Net: NetName=SPI_CS_A/G Pin=IMU1-17
Added Pin To Net: NetName=SPI_CS_A/G Pin=R33-1
Added Net: Name=SPI_CS_A/G
Added Pin To Net: NetName=SPI_CS_M Pin=IMU1-18
Added Pin To Net: NetName=SPI_CS_M Pin=R34-1
Added Net: Name=SPI_CS_M
Added Pin To Net: NetName=SPI_MISO Pin=IMU1-15
Added Pin To Net: NetName=SPI_MISO Pin=R31-1
Added Net: Name=SPI_MISO
Added Pin To Net: NetName=SPI_MOSI Pin=IMU1-16
Added Pin To Net: NetName=SPI_MOSI Pin=R32-1
Added Net: Name=SPI_MOSI
Added Pin To Net: NetName=SPI_SCLK Pin=IMU1-14
Added Pin To Net: NetName=SPI_SCLK Pin=R30-1
Added Net: Name=SPI_SCLK
Added Member To Class: ClassName=NanoEEG_v3 Member=Component IMU1 IMU_moudle
Added Member To Class: ClassName=NanoEEG_v3 Member=Component R30 100R 1%
Added Member To Class: ClassName=NanoEEG_v3 Member=Component R31 100R 1%
Added Member To Class: ClassName=NanoEEG_v3 Member=Component R32 100R 1%
Added Member To Class: ClassName=NanoEEG_v3 Member=Component R33 100R 1%
Added Member To Class: ClassName=NanoEEG_v3 Member=Component R34 100R 1%
Added Room: Name=NanoEEG_v3
