Remove Pin=D2-3 From Net=D-
Remove Pin=IC?-9 From Net=Mod_MOSI
Remove Pin=J1-1 From Net=CC1310_TCKC
Remove Pin=J1-3 From Net=CC1310_TMSC
Remove Pin=J1-4 From Net=CC1310_nRESET
Remove Pin=J2-2 From Net=D-
Remove Pin=J2-3 From Net=D+
Remove Pin=J3-1 From Net=CC1310_UART_RX
Remove Pin=J3-2 From Net=CC1310_UART_TX
Remove Pin=J3-4 From Net=CC3235_nRST
Remove Pin=J3-5 From Net=CC3235_UART_TX
Remove Pin=J3-6 From Net=CC3235_UART_RX
Remove Pin=J4-2 From Net=CC3235_JTAG_TDO
Remove Pin=J4-3 From Net=CC3235_JTAG_TCK
Remove Pin=J4-4 From Net=CC3235_JTAG_TMS
Remove Pin=J4-5 From Net=CC3235_JTAG_TDI
Remove Pin=LED1-1 From Net=CoP_LED1
Remove Pin=LED2-1 From Net=CP2102_RXT
Remove Pin=LED3-1 From Net=CP2102_TXT
Remove Pin=LED4-1 From Net=BQ_CHARGE_STAT
Remove Pin=M1-1 From Net=CC1310_TMSC
Remove Pin=M1-2 From Net=CC1310_TCKC
Remove Pin=M1-3 From Net=CC1310_nRESET
Remove Pin=M1-4 From Net=CoP_LED1
Remove Pin=M1-5 From Net=CC1310_UART_RX
Remove Pin=M1-6 From Net=CC1310_UART_TX
Remove Pin=M1-8 From Net=CC1310_WAKEUP
Remove Pin=M1-14 From Net=I2C_SDA_B
Remove Pin=M1-15 From Net=I2C_SCL_B
Remove Pin=MOD1-6 From Net=CC3235_nRST
Remove Pin=MOD1-7 From Net=CC3235_MODE02
Remove Pin=MOD1-20 From Net=CC1310_WAKEUP
Remove Pin=MOD1-25 From Net=BQ_nQON
Remove Pin=MOD1-27 From Net=BQ_INT
Remove Pin=MOD1-32 From Net=I2C_SCL_B
Remove Pin=MOD1-33 From Net=I2C_SDA_B
Remove Pin=MOD1-35 From Net=CC1310_Sync_PWM
Remove Pin=MOD1-40 From Net=Mod_nPWDN
Remove Pin=MOD1-41 From Net=CC3235_JTAG_TDI
Remove Pin=MOD1-42 From Net=CC3235_JTAG_TDO
Remove Pin=MOD1-43 From Net=Mod_nRESET
Remove Pin=MOD1-44 From Net=CC3235_JTAG_TCK
Remove Pin=MOD1-45 From Net=CC3235_JTAG_TMS
Remove Pin=P1-6 From Net=Mod_nRESET
Remove Pin=P1-8 From Net=Mod_nPWDN
Remove Pin=P1-12 From Net=Mod1_nDRDY
Remove Pin=P1-14 From Net=Mod2_nDRDY
Remove Pin=P1-18 From Net=Mod_nCS
Remove Pin=P1-22 From Net=Mod_MOSI
Remove Pin=P1-26 From Net=Mod_MISO
Remove Pin=P?-2 From Net=CC3235_MODE02
Remove Pin=R2-2 From Net=CC1310_Sync_PWM
Remove Pin=R7-1 From Net=CP2102_VDD
Remove Pin=R11-2 From Net=I2C_SDA_B
Remove Pin=R14-2 From Net=I2C_SCL_B
Remove Pin=R15-1 From Net=BQ_REGN
Remove Pin=R23-2 From Net=CP2102_RXD
Remove Pin=R24-2 From Net=CP2102_TXD
Remove Pin=R25-2 From Net=Mod_SCLK
Remove Pin=R26-2 From Net=Mod_MISO
Remove Pin=R27-2 From Net=Mod_MOSI
Remove Pin=R28-2 From Net=Mod_nCS
Remove Pin=R32-1 From Net=PGau_BIN
Remove Pin=SW1-1' From Net=BQ_nQON
Remove Pin=U1A-1 From Net=Mod2_nDRDY
Remove Pin=U1A-2 From Net=Mod1_nDRDY
Remove Pin=U3-1 From Net=VBUS
Remove Pin=U3-2 From Net=BQ_D+
Remove Pin=U3-3 From Net=BQ_D-
Remove Pin=U3-4 From Net=BQ_CHARGE_STAT
Remove Pin=U3-5 From Net=I2C_SCL_B
Remove Pin=U3-6 From Net=I2C_SDA_B
Remove Pin=U3-7 From Net=BQ_INT
Remove Pin=U3-12 From Net=BQ_nQON
Remove Pin=U3-24 From Net=BQ_DSEL
Remove Pin=U4-3 From Net=CP_D+
Remove Pin=U4-4 From Net=CP_D-
Remove Pin=U4-13 From Net=CP2102_RXT
Remove Pin=U4-14 From Net=CP2102_TXT
Remove Pin=U4-17 From Net=CP2102_SUSPEND
Remove Pin=U4-20 From Net=CP2102_RXD
Remove Pin=U4-21 From Net=CP2102_TXD
Remove Pin=U6-1 From Net=I2C_SDA_B
Remove Pin=U6-2 From Net=I2C_SCL_B
Remove Pin=U6-10 From Net=PGau_BIN
Remove Pin=U7-1 From Net=BQ_D+
Remove Pin=U7-2 From Net=BQ_D-
Remove Pin=U7-3 From Net=CP_D+
Remove Pin=U7-4 From Net=CP_D-
Remove Pin=U7-7 From Net=D-
Remove Pin=U7-8 From Net=D+
