Change Component Designator: Old Designator=BT1 New Designator=BT2
Change Component Designator: Old Designator=C1 New Designator=C23
Change Component Designator: Old Designator=C2 New Designator=C25
Change Component Designator: Old Designator=C3 New Designator=C26
Change Component Designator: Old Designator=C4 New Designator=C41
Change Component Designator: Old Designator=C4 New Designator=C45
Change Component Designator: Old Designator=C4 New Designator=C46
Change Component Designator: Old Designator=C6 New Designator=C28
Change Component Designator: Old Designator=C7 New Designator=C29
Change Component Designator: Old Designator=C8 New Designator=C27
Change Component Designator: Old Designator=C9 New Designator=C30
Change Component Designator: Old Designator=C10 New Designator=C44
Change Component Designator: Old Designator=C11 New Designator=C31
Change Component Designator: Old Designator=C12 New Designator=C32
Change Component Designator: Old Designator=C13 New Designator=C24
Change Component Designator: Old Designator=C14 New Designator=C34
Change Component Designator: Old Designator=C15 New Designator=C36
Change Component Designator: Old Designator=C16 New Designator=C37
Change Component Designator: Old Designator=C17 New Designator=C43
Change Component Designator: Old Designator=C19 New Designator=C38
Change Component Designator: Old Designator=C20 New Designator=C39
Change Component Designator: Old Designator=C21 New Designator=C42
Change Component Designator: Old Designator=C22 New Designator=C35
Change Component Designator: Old Designator=C23 New Designator=C40
Change Component Designator: Old Designator=C24 New Designator=C33
Change Component Designator: Old Designator=D1 New Designator=D4
Change Component Designator: Old Designator=D2 New Designator=D3
Change Component Designator: Old Designator=FB1 New Designator=FB2
Change Component Designator: Old Designator=IC? New Designator=IC1
Change Component Designator: Old Designator=J2 New Designator=J5
Change Component Designator: Old Designator=J3 New Designator=J6
Change Component Designator: Old Designator=J4 New Designator=J7
Change Component Designator: Old Designator=L1 New Designator=L2
Change Component Designator: Old Designator=LED1 New Designator=LED7
Change Component Designator: Old Designator=LED2 New Designator=LED5
Change Component Designator: Old Designator=LED3 New Designator=LED6
Change Component Designator: Old Designator=LED4 New Designator=LED8
Change Component Designator: Old Designator=M1 New Designator=M2
Change Component Designator: Old Designator=MOD1 New Designator=MOD2
Change Component Designator: Old Designator=P1 New Designator=P5
Change Component Designator: Old Designator=P? New Designator=P3
Change Component Designator: Old Designator=P? New Designator=P4
Change Component Designator: Old Designator=R1 New Designator=R40
Change Component Designator: Old Designator=R2 New Designator=R53
Change Component Designator: Old Designator=R3 New Designator=R28
Change Component Designator: Old Designator=R4 New Designator=R30
Change Component Designator: Old Designator=R5 New Designator=R31
Change Component Designator: Old Designator=R6 New Designator=R36
Change Component Designator: Old Designator=R7 New Designator=R38
Change Component Designator: Old Designator=R8 New Designator=R37
Change Component Designator: Old Designator=R11 New Designator=R29
Change Component Designator: Old Designator=R13 New Designator=R34
Change Component Designator: Old Designator=R14 New Designator=R33
Change Component Designator: Old Designator=R15 New Designator=R39
Change Component Designator: Old Designator=R16 New Designator=R41
Change Component Designator: Old Designator=R18 New Designator=R42
Change Component Designator: Old Designator=R20 New Designator=R32
Change Component Designator: Old Designator=R21 New Designator=R35
Change Component Designator: Old Designator=R22 New Designator=R48
Change Component Designator: Old Designator=R23 New Designator=R46
Change Component Designator: Old Designator=R24 New Designator=R47
Change Component Designator: Old Designator=R25 New Designator=R49
Change Component Designator: Old Designator=R26 New Designator=R50
Change Component Designator: Old Designator=R27 New Designator=R51
Change Component Designator: Old Designator=R28 New Designator=R52
Change Component Designator: Old Designator=R30 New Designator=R44
Change Component Designator: Old Designator=R31 New Designator=R43
Change Component Designator: Old Designator=R32 New Designator=R45
Change Component Designator: Old Designator=RF1 New Designator=RF2
Change Component Designator: Old Designator=SW1 New Designator=SW3
Change Component Designator: Old Designator=SW? New Designator=SW4
Change Component Designator: Old Designator=SW? New Designator=SW5
Change Component Designator: Old Designator=U1 New Designator=U12
Change Component Designator: Old Designator=U1 New Designator=U12
Change Component Designator: Old Designator=U2 New Designator=U7
Change Component Designator: Old Designator=U3 New Designator=U8
Change Component Designator: Old Designator=U4 New Designator=U9
Change Component Designator: Old Designator=U6 New Designator=U11
Change Component Designator: Old Designator=U7 New Designator=U10
