Change Component Designator: Old Designator=BT2 New Designator=BT?
Change Component Designator: Old Designator=C23 New Designator=C?
Change Component Designator: Old Designator=C24 New Designator=C?
Change Component Designator: Old Designator=C25 New Designator=C?
Change Component Designator: Old Designator=C26 New Designator=C?
Change Component Designator: Old Designator=C27 New Designator=C?
Change Component Designator: Old Designator=C28 New Designator=C?
Change Component Designator: Old Designator=C29 New Designator=C?
Change Component Designator: Old Designator=C30 New Designator=C?
Change Component Designator: Old Designator=C31 New Designator=C?
Change Component Designator: Old Designator=C32 New Designator=C?
Change Component Designator: Old Designator=C33 New Designator=C?
Change Component Designator: Old Designator=C34 New Designator=C?
Change Component Designator: Old Designator=C35 New Designator=C?
Change Component Designator: Old Designator=C36 New Designator=C?
Change Component Designator: Old Designator=C37 New Designator=C?
Change Component Designator: Old Designator=C38 New Designator=C?
Change Component Designator: Old Designator=C39 New Designator=C?
Change Component Designator: Old Designator=C40 New Designator=C?
Change Component Designator: Old Designator=C41 New Designator=C?
Change Component Designator: Old Designator=C42 New Designator=C?
Change Component Designator: Old Designator=C43 New Designator=C?
Change Component Designator: Old Designator=C44 New Designator=C?
Change Component Designator: Old Designator=C45 New Designator=C?
Change Component Designator: Old Designator=C46 New Designator=C?
Change Component Designator: Old Designator=D3 New Designator=D?
Change Component Designator: Old Designator=D4 New Designator=D?
Change Component Designator: Old Designator=FB2 New Designator=FB?
Change Component Designator: Old Designator=IC1 New Designator=IC?
Change Component Designator: Old Designator=J5 New Designator=J?
Change Component Designator: Old Designator=J6 New Designator=J?
Change Component Designator: Old Designator=J7 New Designator=J?
Change Component Designator: Old Designator=L2 New Designator=L?
Change Component Designator: Old Designator=LED5 New Designator=LED?
Change Component Designator: Old Designator=LED6 New Designator=LED?
Change Component Designator: Old Designator=LED7 New Designator=LED?
Change Component Designator: Old Designator=LED8 New Designator=LED?
Change Component Designator: Old Designator=M2 New Designator=M?
Change Component Designator: Old Designator=MOD2 New Designator=MOD?
Change Component Designator: Old Designator=P3 New Designator=P?
Change Component Designator: Old Designator=P4 New Designator=P?
Change Component Designator: Old Designator=P5 New Designator=P?
Change Component Designator: Old Designator=R28 New Designator=R?
Change Component Designator: Old Designator=R29 New Designator=R?
Change Component Designator: Old Designator=R30 New Designator=R?
Change Component Designator: Old Designator=R31 New Designator=R?
Change Component Designator: Old Designator=R32 New Designator=R?
Change Component Designator: Old Designator=R33 New Designator=R?
Change Component Designator: Old Designator=R34 New Designator=R?
Change Component Designator: Old Designator=R35 New Designator=R?
Change Component Designator: Old Designator=R36 New Designator=R?
Change Component Designator: Old Designator=R37 New Designator=R?
Change Component Designator: Old Designator=R38 New Designator=R?
Change Component Designator: Old Designator=R39 New Designator=R?
Change Component Designator: Old Designator=R40 New Designator=R?
Change Component Designator: Old Designator=R41 New Designator=R?
Change Component Designator: Old Designator=R42 New Designator=R?
Change Component Designator: Old Designator=R43 New Designator=R?
Change Component Designator: Old Designator=R44 New Designator=R?
Change Component Designator: Old Designator=R45 New Designator=R?
Change Component Designator: Old Designator=R46 New Designator=R?
Change Component Designator: Old Designator=R47 New Designator=R?
Change Component Designator: Old Designator=R48 New Designator=R?
Change Component Designator: Old Designator=R49 New Designator=R?
Change Component Designator: Old Designator=R50 New Designator=R?
Change Component Designator: Old Designator=R51 New Designator=R?
Change Component Designator: Old Designator=R52 New Designator=R?
Change Component Designator: Old Designator=R53 New Designator=R?
Change Component Designator: Old Designator=RF2 New Designator=RF?
Change Component Designator: Old Designator=SW3 New Designator=SW?
Change Component Designator: Old Designator=SW4 New Designator=SW?
Change Component Designator: Old Designator=SW5 New Designator=SW?
Change Component Designator: Old Designator=U7 New Designator=U?
Change Component Designator: Old Designator=U8 New Designator=U?
Change Component Designator: Old Designator=U9 New Designator=U?
Change Component Designator: Old Designator=U10 New Designator=U?
Change Component Designator: Old Designator=U11 New Designator=U?
Change Component Designator: Old Designator=U12 New Designator=U?
Change Component Designator: Old Designator=U12 New Designator=U?
