Removed Pin From Net: NetName=GND Pin=C9-1
Removed Pin From Net: NetName=GND Pin=C10-1
Removed Pin From Net: NetName=GND Pin=C11-1
Removed Pin From Net: NetName=GND Pin=C16-1
Removed Pin From Net: NetName=GND Pin=C17-1
Removed Pin From Net: NetName=GND Pin=C18-1
Removed Pin From Net: NetName=GND Pin=C21-1
Removed Pin From Net: NetName=GND Pin=C22-1
Removed Pin From Net: NetName=GND Pin=C23-1
Removed Pin From Net: NetName=GND Pin=C24-1
Removed Pin From Net: NetName=GND Pin=C25-1
Removed Pin From Net: NetName=GND Pin=C26-1
Removed Pin From Net: NetName=GND Pin=C27-1
Removed Pin From Net: NetName=GND Pin=R9-1
Removed Pin From Net: NetName=GND Pin=R10-1
Removed Pin From Net: NetName=GND Pin=R11-1
Removed Pin From Net: NetName=GND Pin=U3-5
Removed Pin From Net: NetName=GND Pin=U3-11
Removed Pin From Net: NetName=GND Pin=U3-23
Removed Pin From Net: NetName=GND Pin=U3-26
Removed Pin From Net: NetName=GND Pin=U3-46
Removed Pin From Net: NetName=GND Pin=U3-55
Removed Pin From Net: NetName=GND Pin=U3-73
Removed Pin From Net: NetName=GND Pin=U3-80
Removed Pin From Net: NetName=GND Pin=U3-93
Added Pin To Net: NetName=VCCIO3 Pin=C21-1
Added Pin To Net: NetName=VCCIO3 Pin=C22-1
Added Pin To Net: NetName=VCCIO3 Pin=C23-1
Added Pin To Net: NetName=VCCIO3 Pin=C24-1
Added Pin To Net: NetName=VCCIO3 Pin=U3-5
Added Pin To Net: NetName=VCCIO3 Pin=U3-11
Added Pin To Net: NetName=VCCIO3 Pin=U3-23
Added Pin To Net: NetName=VCCIO0 Pin=C9-1
Added Pin To Net: NetName=VCCIO0 Pin=C10-1
Added Pin To Net: NetName=VCCIO0 Pin=C11-1
Added Pin To Net: NetName=VCCIO0 Pin=R9-1
Added Pin To Net: NetName=VCCIO0 Pin=U3-80
Added Pin To Net: NetName=VCCIO0 Pin=U3-93
Added Net: Name=VCCIO0
Added Pin To Net: NetName=VCCIO1 Pin=C16-1
Added Pin To Net: NetName=VCCIO1 Pin=C17-1
Added Pin To Net: NetName=VCCIO1 Pin=C18-1
Added Pin To Net: NetName=VCCIO1 Pin=R10-1
Added Pin To Net: NetName=VCCIO1 Pin=U3-55
Added Pin To Net: NetName=VCCIO1 Pin=U3-73
Added Net: Name=VCCIO1
Added Pin To Net: NetName=VCCIO2 Pin=C25-1
Added Pin To Net: NetName=VCCIO2 Pin=C26-1
Added Pin To Net: NetName=VCCIO2 Pin=C27-1
Added Pin To Net: NetName=VCCIO2 Pin=R11-1
Added Pin To Net: NetName=VCCIO2 Pin=U3-26
Added Pin To Net: NetName=VCCIO2 Pin=U3-46
Added Net: Name=VCCIO2
Added Member To Class: ClassName=triggerbox Member=Component R14 1K 5%
Added Room: Name=triggerbox
