Change Component Footprint: Designator=R7 Old Footprint=RESC0603(1608)_N New Footprint=RESC0603(1608)_N
Added Component: Designator=R?(RESC0603(1608)_N)
Add component (AddParameter): Name = "Case-EIA"; Value = "0603"; VariantName = "[No Variations]"
Add component (AddParameter): Name = "Case-Metric"; Value = "1608"; VariantName = "[No Variations]"
Add component (AddParameter): Name = "Power"; Value = "0.1 W"; VariantName = "[No Variations]"
Add component (AddParameter): Name = "Technology"; Value = "SMT"; VariantName = "[No Variations]"
Add component (AddParameter): Name = "Tolerance"; Value = "1 %"; VariantName = "[No Variations]"
Add component (AddParameter): Name = "Value"; Value = "10000.00 Ohm"; VariantName = "[No Variations]"
Added Component: Designator=R?(RESC0603(1608)_N)
Add component (AddParameter): Name = "Case-EIA"; Value = "0603"; VariantName = "[No Variations]"
Add component (AddParameter): Name = "Case-Metric"; Value = "1608"; VariantName = "[No Variations]"
Add component (AddParameter): Name = "Power"; Value = "0.1 W"; VariantName = "[No Variations]"
Add component (AddParameter): Name = "Technology"; Value = "SMT"; VariantName = "[No Variations]"
Add component (AddParameter): Name = "Tolerance"; Value = "1 %"; VariantName = "[No Variations]"
Add component (AddParameter): Name = "Value"; Value = "10000.00 Ohm"; VariantName = "[No Variations]"
Added Pin To Net: NetName=NetP3_12 Pin=R?-2
Added Pin To Net: NetName=Visual_label_PWM Pin=R?-2
Added Pin To Net: NetName=DIO_4 Pin=M1-8
Added Pin To Net: NetName=DIO_4 Pin=P1-5
Added Net: Name=DIO_4
Added Pin To Net: NetName=DIO_5 Pin=M1-9
Added Pin To Net: NetName=DIO_5 Pin=P1-6
Added Net: Name=DIO_5
Added Pin To Net: NetName=NetR?_1 Pin=R?-1
Added Pin To Net: NetName=NetR?_1 Pin=R?-1
Added Pin To Net: NetName=NetR?_1 Pin=U3-51
Added Net: Name=NetR?_1
Added Member To Class: ClassName=triggerbox Member=Component P5 Header 3
Added Member To Class: ClassName=triggerbox Member=Component R? 0
Added Member To Class: ClassName=triggerbox Member=Component R? 1K 5%
Added Room: Name=triggerbox
